[2026-03-24T15:04:34.864+0000] {logging_mixin.py:188} INFO - Changing /opt/***/logs/dag_id=market_data_etl_v1/run_id=manual__2026-03-24T15:04:32.001729+00:00/task_id=run_etl_script permission to 509
[2026-03-24T15:04:34.866+0000] {logging_mixin.py:188} INFO - Failed to change /opt/***/logs/dag_id=market_data_etl_v1/run_id=manual__2026-03-24T15:04:32.001729+00:00/task_id=run_etl_script permission to 509: [Errno 1] Operation not permitted: '/opt/***/logs/dag_id=market_data_etl_v1/run_id=manual__2026-03-24T15:04:32.001729+00:00/task_id=run_etl_script'
[2026-03-24T15:04:34.920+0000] {logging_mixin.py:188} INFO - Changing /opt/***/logs/dag_id=market_data_etl_v1/run_id=manual__2026-03-24T15:04:32.001729+00:00/task_id=run_etl_script permission to 509
[2026-03-24T15:04:34.922+0000] {logging_mixin.py:188} INFO - Failed to change /opt/***/logs/dag_id=market_data_etl_v1/run_id=manual__2026-03-24T15:04:32.001729+00:00/task_id=run_etl_script permission to 509: [Errno 1] Operation not permitted: '/opt/***/logs/dag_id=market_data_etl_v1/run_id=manual__2026-03-24T15:04:32.001729+00:00/task_id=run_etl_script'
[2026-03-24T15:04:34.975+0000] {taskinstance.py:1956} INFO - Dependencies all met for dep_context=non-requeueable deps ti=<TaskInstance: market_data_etl_v1.run_etl_script manual__2026-03-24T15:04:32.001729+00:00 [queued]>
[2026-03-24T15:04:34.988+0000] {taskinstance.py:1956} INFO - Dependencies all met for dep_context=requeueable deps ti=<TaskInstance: market_data_etl_v1.run_etl_script manual__2026-03-24T15:04:32.001729+00:00 [queued]>
[2026-03-24T15:04:34.990+0000] {taskinstance.py:2170} INFO - Starting attempt 1 of 3
[2026-03-24T15:04:35.009+0000] {taskinstance.py:2191} INFO - Executing <Task(PythonOperator): run_etl_script> on 2026-03-24 15:04:32.001729+00:00
[2026-03-24T15:04:35.015+0000] {standard_task_runner.py:60} INFO - Started process 381 to run task
[2026-03-24T15:04:35.020+0000] {standard_task_runner.py:87} INFO - Running: ['***', 'tasks', 'run', 'market_data_etl_v1', 'run_etl_script', 'manual__2026-03-24T15:04:32.001729+00:00', '--job-id', '15', '--raw', '--subdir', 'DAGS_FOLDER/market_data_dag.py', '--cfg-path', '/tmp/tmpxhltfjoy']
[2026-03-24T15:04:35.023+0000] {standard_task_runner.py:88} INFO - Job 15: Subtask run_etl_script
[2026-03-24T15:04:35.096+0000] {logging_mixin.py:188} INFO - Changing /opt/***/logs/dag_id=market_data_etl_v1/run_id=manual__2026-03-24T15:04:32.001729+00:00/task_id=run_etl_script permission to 509
[2026-03-24T15:04:35.098+0000] {logging_mixin.py:188} INFO - Failed to change /opt/***/logs/dag_id=market_data_etl_v1/run_id=manual__2026-03-24T15:04:32.001729+00:00/task_id=run_etl_script permission to 509: [Errno 1] Operation not permitted: '/opt/***/logs/dag_id=market_data_etl_v1/run_id=manual__2026-03-24T15:04:32.001729+00:00/task_id=run_etl_script'
[2026-03-24T15:04:35.165+0000] {task_command.py:423} INFO - Running <TaskInstance: market_data_etl_v1.run_etl_script manual__2026-03-24T15:04:32.001729+00:00 [running]> on host 60eeea871c61
[2026-03-24T15:04:35.250+0000] {taskinstance.py:2480} INFO - Exporting env vars: AIRFLOW_CTX_DAG_OWNER='senior_data_eng' AIRFLOW_CTX_DAG_ID='market_data_etl_v1' AIRFLOW_CTX_TASK_ID='run_etl_script' AIRFLOW_CTX_EXECUTION_DATE='2026-03-24T15:04:32.001729+00:00' AIRFLOW_CTX_TRY_NUMBER='1' AIRFLOW_CTX_DAG_RUN_ID='manual__2026-03-24T15:04:32.001729+00:00'
[2026-03-24T15:04:35.263+0000] {logging_mixin.py:188} INFO - Fetching data from CoinGecko...
[2026-03-24T15:04:35.686+0000] {logging_mixin.py:188} INFO - Successfully stored 3 coins.
[2026-03-24T15:04:35.690+0000] {python.py:201} INFO - Done. Returned value was: None
[2026-03-24T15:04:35.703+0000] {taskinstance.py:1138} INFO - Marking task as SUCCESS. dag_id=market_data_etl_v1, task_id=run_etl_script, execution_date=20260324T150432, start_date=20260324T150434, end_date=20260324T150435
[2026-03-24T15:04:35.721+0000] {local_task_job_runner.py:234} INFO - Task exited with return code 0
[2026-03-24T15:04:35.745+0000] {taskinstance.py:3280} INFO - 1 downstream tasks scheduled from follow-on schedule check
