[2026-03-24T15:00:01.243+0000] {logging_mixin.py:188} INFO - Changing /opt/***/logs/dag_id=market_data_etl_v1/run_id=scheduled__2026-03-24T14:00:00+00:00/task_id=check_api_availability permission to 509
[2026-03-24T15:00:01.245+0000] {logging_mixin.py:188} INFO - Failed to change /opt/***/logs/dag_id=market_data_etl_v1/run_id=scheduled__2026-03-24T14:00:00+00:00/task_id=check_api_availability permission to 509: [Errno 1] Operation not permitted: '/opt/***/logs/dag_id=market_data_etl_v1/run_id=scheduled__2026-03-24T14:00:00+00:00/task_id=check_api_availability'
[2026-03-24T15:00:01.313+0000] {logging_mixin.py:188} INFO - Changing /opt/***/logs/dag_id=market_data_etl_v1/run_id=scheduled__2026-03-24T14:00:00+00:00/task_id=check_api_availability permission to 509
[2026-03-24T15:00:01.315+0000] {logging_mixin.py:188} INFO - Failed to change /opt/***/logs/dag_id=market_data_etl_v1/run_id=scheduled__2026-03-24T14:00:00+00:00/task_id=check_api_availability permission to 509: [Errno 1] Operation not permitted: '/opt/***/logs/dag_id=market_data_etl_v1/run_id=scheduled__2026-03-24T14:00:00+00:00/task_id=check_api_availability'
[2026-03-24T15:00:01.351+0000] {taskinstance.py:1956} INFO - Dependencies all met for dep_context=non-requeueable deps ti=<TaskInstance: market_data_etl_v1.check_api_availability scheduled__2026-03-24T14:00:00+00:00 [queued]>
[2026-03-24T15:00:01.359+0000] {taskinstance.py:1956} INFO - Dependencies all met for dep_context=requeueable deps ti=<TaskInstance: market_data_etl_v1.check_api_availability scheduled__2026-03-24T14:00:00+00:00 [queued]>
[2026-03-24T15:00:01.361+0000] {taskinstance.py:2170} INFO - Starting attempt 1 of 3
[2026-03-24T15:00:01.374+0000] {taskinstance.py:2191} INFO - Executing <Task(HttpSensor): check_api_availability> on 2026-03-24 14:00:00+00:00
[2026-03-24T15:00:01.378+0000] {standard_task_runner.py:60} INFO - Started process 304 to run task
[2026-03-24T15:00:01.382+0000] {standard_task_runner.py:87} INFO - Running: ['***', 'tasks', 'run', 'market_data_etl_v1', 'check_api_availability', 'scheduled__2026-03-24T14:00:00+00:00', '--job-id', '9', '--raw', '--subdir', 'DAGS_FOLDER/market_data_dag.py', '--cfg-path', '/tmp/tmplwvohgdj']
[2026-03-24T15:00:01.384+0000] {standard_task_runner.py:88} INFO - Job 9: Subtask check_api_availability
[2026-03-24T15:00:01.442+0000] {logging_mixin.py:188} INFO - Changing /opt/***/logs/dag_id=market_data_etl_v1/run_id=scheduled__2026-03-24T14:00:00+00:00/task_id=check_api_availability permission to 509
[2026-03-24T15:00:01.443+0000] {logging_mixin.py:188} INFO - Failed to change /opt/***/logs/dag_id=market_data_etl_v1/run_id=scheduled__2026-03-24T14:00:00+00:00/task_id=check_api_availability permission to 509: [Errno 1] Operation not permitted: '/opt/***/logs/dag_id=market_data_etl_v1/run_id=scheduled__2026-03-24T14:00:00+00:00/task_id=check_api_availability'
[2026-03-24T15:00:01.473+0000] {task_command.py:423} INFO - Running <TaskInstance: market_data_etl_v1.check_api_availability scheduled__2026-03-24T14:00:00+00:00 [running]> on host 60eeea871c61
[2026-03-24T15:00:01.562+0000] {taskinstance.py:2480} INFO - Exporting env vars: AIRFLOW_CTX_DAG_OWNER='senior_data_eng' AIRFLOW_CTX_DAG_ID='market_data_etl_v1' AIRFLOW_CTX_TASK_ID='check_api_availability' AIRFLOW_CTX_EXECUTION_DATE='2026-03-24T14:00:00+00:00' AIRFLOW_CTX_TRY_NUMBER='1' AIRFLOW_CTX_DAG_RUN_ID='scheduled__2026-03-24T14:00:00+00:00'
[2026-03-24T15:00:01.565+0000] {http.py:130} INFO - Poking: api/v3/ping
[2026-03-24T15:00:01.580+0000] {base.py:83} INFO - Using connection ID 'http_default' for task execution.
[2026-03-24T15:00:02.012+0000] {base.py:295} INFO - Success criteria met. Exiting.
[2026-03-24T15:00:02.029+0000] {taskinstance.py:1138} INFO - Marking task as SUCCESS. dag_id=market_data_etl_v1, task_id=check_api_availability, execution_date=20260324T140000, start_date=20260324T150001, end_date=20260324T150002
[2026-03-24T15:00:02.081+0000] {local_task_job_runner.py:234} INFO - Task exited with return code 0
[2026-03-24T15:00:02.121+0000] {taskinstance.py:3280} INFO - 1 downstream tasks scheduled from follow-on schedule check
