[2026-03-24T14:59:22.642+0000] {logging_mixin.py:188} INFO - Changing /opt/***/logs/dag_id=market_data_etl_v1/run_id=scheduled__2026-03-24T13:00:00+00:00/task_id=run_etl_script permission to 509
[2026-03-24T14:59:22.645+0000] {logging_mixin.py:188} INFO - Failed to change /opt/***/logs/dag_id=market_data_etl_v1/run_id=scheduled__2026-03-24T13:00:00+00:00/task_id=run_etl_script permission to 509: [Errno 1] Operation not permitted: '/opt/***/logs/dag_id=market_data_etl_v1/run_id=scheduled__2026-03-24T13:00:00+00:00/task_id=run_etl_script'
[2026-03-24T14:59:22.712+0000] {logging_mixin.py:188} INFO - Changing /opt/***/logs/dag_id=market_data_etl_v1/run_id=scheduled__2026-03-24T13:00:00+00:00/task_id=run_etl_script permission to 509
[2026-03-24T14:59:22.713+0000] {logging_mixin.py:188} INFO - Failed to change /opt/***/logs/dag_id=market_data_etl_v1/run_id=scheduled__2026-03-24T13:00:00+00:00/task_id=run_etl_script permission to 509: [Errno 1] Operation not permitted: '/opt/***/logs/dag_id=market_data_etl_v1/run_id=scheduled__2026-03-24T13:00:00+00:00/task_id=run_etl_script'
[2026-03-24T14:59:22.775+0000] {taskinstance.py:1956} INFO - Dependencies all met for dep_context=non-requeueable deps ti=<TaskInstance: market_data_etl_v1.run_etl_script scheduled__2026-03-24T13:00:00+00:00 [queued]>
[2026-03-24T14:59:22.787+0000] {taskinstance.py:1956} INFO - Dependencies all met for dep_context=requeueable deps ti=<TaskInstance: market_data_etl_v1.run_etl_script scheduled__2026-03-24T13:00:00+00:00 [queued]>
[2026-03-24T14:59:22.788+0000] {taskinstance.py:2170} INFO - Starting attempt 1 of 3
[2026-03-24T14:59:22.804+0000] {taskinstance.py:2191} INFO - Executing <Task(PythonOperator): run_etl_script> on 2026-03-24 13:00:00+00:00
[2026-03-24T14:59:22.810+0000] {standard_task_runner.py:60} INFO - Started process 292 to run task
[2026-03-24T14:59:22.814+0000] {standard_task_runner.py:87} INFO - Running: ['***', 'tasks', 'run', 'market_data_etl_v1', 'run_etl_script', 'scheduled__2026-03-24T13:00:00+00:00', '--job-id', '5', '--raw', '--subdir', 'DAGS_FOLDER/market_data_dag.py', '--cfg-path', '/tmp/tmpob9hcrfw']
[2026-03-24T14:59:22.817+0000] {standard_task_runner.py:88} INFO - Job 5: Subtask run_etl_script
[2026-03-24T14:59:22.881+0000] {logging_mixin.py:188} INFO - Changing /opt/***/logs/dag_id=market_data_etl_v1/run_id=scheduled__2026-03-24T13:00:00+00:00/task_id=run_etl_script permission to 509
[2026-03-24T14:59:22.882+0000] {logging_mixin.py:188} INFO - Failed to change /opt/***/logs/dag_id=market_data_etl_v1/run_id=scheduled__2026-03-24T13:00:00+00:00/task_id=run_etl_script permission to 509: [Errno 1] Operation not permitted: '/opt/***/logs/dag_id=market_data_etl_v1/run_id=scheduled__2026-03-24T13:00:00+00:00/task_id=run_etl_script'
[2026-03-24T14:59:22.926+0000] {task_command.py:423} INFO - Running <TaskInstance: market_data_etl_v1.run_etl_script scheduled__2026-03-24T13:00:00+00:00 [running]> on host 60eeea871c61
[2026-03-24T14:59:23.025+0000] {taskinstance.py:2480} INFO - Exporting env vars: AIRFLOW_CTX_DAG_OWNER='senior_data_eng' AIRFLOW_CTX_DAG_ID='market_data_etl_v1' AIRFLOW_CTX_TASK_ID='run_etl_script' AIRFLOW_CTX_EXECUTION_DATE='2026-03-24T13:00:00+00:00' AIRFLOW_CTX_TRY_NUMBER='1' AIRFLOW_CTX_DAG_RUN_ID='scheduled__2026-03-24T13:00:00+00:00'
[2026-03-24T14:59:23.043+0000] {logging_mixin.py:188} INFO - Fetching data from CoinGecko...
[2026-03-24T14:59:23.540+0000] {logging_mixin.py:188} INFO - Successfully stored 3 coins.
[2026-03-24T14:59:23.543+0000] {python.py:201} INFO - Done. Returned value was: None
[2026-03-24T14:59:23.560+0000] {taskinstance.py:1138} INFO - Marking task as SUCCESS. dag_id=market_data_etl_v1, task_id=run_etl_script, execution_date=20260324T130000, start_date=20260324T145922, end_date=20260324T145923
[2026-03-24T14:59:23.593+0000] {local_task_job_runner.py:234} INFO - Task exited with return code 0
[2026-03-24T14:59:23.633+0000] {taskinstance.py:3280} INFO - 1 downstream tasks scheduled from follow-on schedule check
