[2026-03-23T20:27:58.199+0000] {manager.py:469} INFO - Processing files using up to 2 processes at a time 
[2026-03-23T20:27:58.200+0000] {manager.py:470} INFO - Process each file at most once every 30 seconds
[2026-03-23T20:27:58.201+0000] {manager.py:471} INFO - Checking for new files in /opt/airflow/dags every 300 seconds
[2026-03-23T20:27:58.202+0000] {manager.py:738} INFO - Searching for files in /opt/airflow/dags
[2026-03-23T20:27:58.219+0000] {manager.py:741} INFO - There are 1 files in /opt/airflow/dags
[2026-03-23T20:27:58.497+0000] {manager.py:879} INFO - 
================================================================================
DAG File Processing Stats

File Path                               PID  Runtime      # DAGs    # Errors  Last Runtime    Last Run
------------------------------------  -----  ---------  --------  ----------  --------------  ----------
/opt/airflow/dags/market_data_dag.py    171  0.04s             0           0
================================================================================
[2026-03-23T20:28:29.976+0000] {manager.py:879} INFO - 
================================================================================
DAG File Processing Stats

File Path                             PID    Runtime      # DAGs    # Errors  Last Runtime    Last Run
------------------------------------  -----  ---------  --------  ----------  --------------  -------------------
/opt/airflow/dags/market_data_dag.py                           0           1  0.12s           2026-03-23T20:28:29
================================================================================
[2026-03-23T20:29:01.625+0000] {manager.py:879} INFO - 
================================================================================
DAG File Processing Stats

File Path                             PID    Runtime      # DAGs    # Errors  Last Runtime    Last Run
------------------------------------  -----  ---------  --------  ----------  --------------  -------------------
/opt/airflow/dags/market_data_dag.py                           0           1  0.21s           2026-03-23T20:28:59
================================================================================
[2026-03-23T20:29:33.192+0000] {manager.py:879} INFO - 
================================================================================
DAG File Processing Stats

File Path                             PID    Runtime      # DAGs    # Errors  Last Runtime    Last Run
------------------------------------  -----  ---------  --------  ----------  --------------  -------------------
/opt/airflow/dags/market_data_dag.py                           0           1  0.14s           2026-03-23T20:29:30
================================================================================
[2026-03-23T20:30:04.879+0000] {manager.py:879} INFO - 
================================================================================
DAG File Processing Stats

File Path                             PID    Runtime      # DAGs    # Errors  Last Runtime    Last Run
------------------------------------  -----  ---------  --------  ----------  --------------  -------------------
/opt/airflow/dags/market_data_dag.py                           0           1  0.15s           2026-03-23T20:30:00
================================================================================
[2026-03-23T20:30:36.562+0000] {manager.py:879} INFO - 
================================================================================
DAG File Processing Stats

File Path                             PID    Runtime      # DAGs    # Errors  Last Runtime    Last Run
------------------------------------  -----  ---------  --------  ----------  --------------  -------------------
/opt/airflow/dags/market_data_dag.py                           0           1  0.17s           2026-03-23T20:30:31
================================================================================
[2026-03-23T20:31:08.044+0000] {manager.py:879} INFO - 
================================================================================
DAG File Processing Stats

File Path                             PID    Runtime      # DAGs    # Errors  Last Runtime    Last Run
------------------------------------  -----  ---------  --------  ----------  --------------  -------------------
/opt/airflow/dags/market_data_dag.py                           0           1  0.14s           2026-03-23T20:31:02
================================================================================
[2026-03-23T20:31:39.743+0000] {manager.py:879} INFO - 
================================================================================
DAG File Processing Stats

File Path                             PID    Runtime      # DAGs    # Errors  Last Runtime    Last Run
------------------------------------  -----  ---------  --------  ----------  --------------  -------------------
/opt/airflow/dags/market_data_dag.py                           0           1  0.17s           2026-03-23T20:31:32
================================================================================
[2026-03-23T20:32:11.314+0000] {manager.py:879} INFO - 
================================================================================
DAG File Processing Stats

File Path                             PID    Runtime      # DAGs    # Errors  Last Runtime    Last Run
------------------------------------  -----  ---------  --------  ----------  --------------  -------------------
/opt/airflow/dags/market_data_dag.py                           0           1  0.15s           2026-03-23T20:32:03
================================================================================
[2026-03-23T20:32:43.026+0000] {manager.py:879} INFO - 
================================================================================
DAG File Processing Stats

File Path                             PID    Runtime      # DAGs    # Errors  Last Runtime    Last Run
------------------------------------  -----  ---------  --------  ----------  --------------  -------------------
/opt/airflow/dags/market_data_dag.py                           0           1  0.12s           2026-03-23T20:32:33
================================================================================
[2026-03-23T20:32:58.345+0000] {manager.py:738} INFO - Searching for files in /opt/airflow/dags
[2026-03-23T20:32:58.387+0000] {manager.py:741} INFO - There are 1 files in /opt/airflow/dags
[2026-03-23T20:33:14.606+0000] {manager.py:879} INFO - 
================================================================================
DAG File Processing Stats

File Path                             PID    Runtime      # DAGs    # Errors  Last Runtime    Last Run
------------------------------------  -----  ---------  --------  ----------  --------------  -------------------
/opt/airflow/dags/market_data_dag.py                           1           0  0.38s           2026-03-23T20:32:59
================================================================================
[2026-03-23T20:33:46.146+0000] {manager.py:879} INFO - 
================================================================================
DAG File Processing Stats

File Path                             PID    Runtime      # DAGs    # Errors  Last Runtime    Last Run
------------------------------------  -----  ---------  --------  ----------  --------------  -------------------
/opt/airflow/dags/market_data_dag.py                           1           0  0.21s           2026-03-23T20:33:30
================================================================================
[2026-03-23T20:34:17.981+0000] {manager.py:879} INFO - 
================================================================================
DAG File Processing Stats

File Path                             PID    Runtime      # DAGs    # Errors  Last Runtime    Last Run
------------------------------------  -----  ---------  --------  ----------  --------------  -------------------
/opt/airflow/dags/market_data_dag.py                           1           0  0.28s           2026-03-23T20:34:00
================================================================================
[2026-03-23T20:34:49.679+0000] {manager.py:879} INFO - 
================================================================================
DAG File Processing Stats

File Path                             PID    Runtime      # DAGs    # Errors  Last Runtime    Last Run
------------------------------------  -----  ---------  --------  ----------  --------------  -------------------
/opt/airflow/dags/market_data_dag.py                           1           0  0.22s           2026-03-23T20:34:31
================================================================================
[2026-03-23T20:35:21.351+0000] {manager.py:879} INFO - 
================================================================================
DAG File Processing Stats

File Path                             PID    Runtime      # DAGs    # Errors  Last Runtime    Last Run
------------------------------------  -----  ---------  --------  ----------  --------------  -------------------
/opt/airflow/dags/market_data_dag.py                           1           0  0.21s           2026-03-23T20:35:02
================================================================================
[2026-03-23T20:35:52.997+0000] {manager.py:879} INFO - 
================================================================================
DAG File Processing Stats

File Path                             PID    Runtime      # DAGs    # Errors  Last Runtime    Last Run
------------------------------------  -----  ---------  --------  ----------  --------------  -------------------
/opt/airflow/dags/market_data_dag.py                           1           0  0.26s           2026-03-23T20:35:32
================================================================================
[2026-03-23T20:36:24.769+0000] {manager.py:879} INFO - 
================================================================================
DAG File Processing Stats

File Path                             PID    Runtime      # DAGs    # Errors  Last Runtime    Last Run
------------------------------------  -----  ---------  --------  ----------  --------------  -------------------
/opt/airflow/dags/market_data_dag.py                           1           0  0.19s           2026-03-23T20:36:03
================================================================================
[2026-03-23T20:36:56.381+0000] {manager.py:879} INFO - 
================================================================================
DAG File Processing Stats

File Path                             PID    Runtime      # DAGs    # Errors  Last Runtime    Last Run
------------------------------------  -----  ---------  --------  ----------  --------------  -------------------
/opt/airflow/dags/market_data_dag.py                           1           0  0.18s           2026-03-23T20:36:34
================================================================================
[2026-03-23T20:37:28.058+0000] {manager.py:879} INFO - 
================================================================================
DAG File Processing Stats

File Path                             PID    Runtime      # DAGs    # Errors  Last Runtime    Last Run
------------------------------------  -----  ---------  --------  ----------  --------------  -------------------
/opt/airflow/dags/market_data_dag.py                           1           0  0.22s           2026-03-23T20:37:04
================================================================================
[2026-03-23T20:37:58.776+0000] {manager.py:738} INFO - Searching for files in /opt/airflow/dags
[2026-03-23T20:37:58.824+0000] {manager.py:741} INFO - There are 1 files in /opt/airflow/dags
[2026-03-23T20:37:59.852+0000] {manager.py:879} INFO - 
================================================================================
DAG File Processing Stats

File Path                             PID    Runtime      # DAGs    # Errors  Last Runtime    Last Run
------------------------------------  -----  ---------  --------  ----------  --------------  -------------------
/opt/airflow/dags/market_data_dag.py                           1           0  0.19s           2026-03-23T20:37:35
================================================================================
[2026-03-24T01:42:34.679+0000] {manager.py:738} INFO - Searching for files in /opt/airflow/dags
[2026-03-24T01:42:35.682+0000] {manager.py:741} INFO - There are 1 files in /opt/airflow/dags
[2026-03-24T01:42:37.396+0000] {manager.py:879} INFO - 
================================================================================
DAG File Processing Stats

File Path                               PID  Runtime      # DAGs    # Errors  Last Runtime    Last Run
------------------------------------  -----  ---------  --------  ----------  --------------  -------------------
/opt/airflow/dags/market_data_dag.py    292  1.39s             1           0  0.25s           2026-03-23T20:38:07
================================================================================
[2026-03-24T14:34:11.753+0000] {manager.py:738} INFO - Searching for files in /opt/airflow/dags
[2026-03-24T14:34:11.837+0000] {manager.py:741} INFO - There are 1 files in /opt/airflow/dags
[2026-03-24T14:34:40.319+0000] {manager.py:879} INFO - 
================================================================================
DAG File Processing Stats

File Path                             PID    Runtime      # DAGs    # Errors  Last Runtime    Last Run
------------------------------------  -----  ---------  --------  ----------  --------------  -------------------
/opt/airflow/dags/market_data_dag.py                           1           0  0.52s           2026-03-24T14:34:12
================================================================================
[2026-03-24T14:35:12.234+0000] {manager.py:879} INFO - 
================================================================================
DAG File Processing Stats

File Path                             PID    Runtime      # DAGs    # Errors  Last Runtime    Last Run
------------------------------------  -----  ---------  --------  ----------  --------------  -------------------
/opt/airflow/dags/market_data_dag.py                           1           0  0.20s           2026-03-24T14:34:43
================================================================================
[2026-03-24T14:35:43.240+0000] {manager.py:879} INFO - 
================================================================================
DAG File Processing Stats

File Path                             PID    Runtime      # DAGs    # Errors  Last Runtime    Last Run
------------------------------------  -----  ---------  --------  ----------  --------------  -------------------
/opt/airflow/dags/market_data_dag.py                           1           0  0.22s           2026-03-24T14:35:13
================================================================================
[2026-03-24T14:36:14.473+0000] {manager.py:879} INFO - 
================================================================================
DAG File Processing Stats

File Path                             PID    Runtime      # DAGs    # Errors  Last Runtime    Last Run
------------------------------------  -----  ---------  --------  ----------  --------------  -------------------
/opt/airflow/dags/market_data_dag.py                           1           0  0.26s           2026-03-24T14:35:44
================================================================================
[2026-03-24T14:36:45.279+0000] {manager.py:879} INFO - 
================================================================================
DAG File Processing Stats

File Path                             PID    Runtime      # DAGs    # Errors  Last Runtime    Last Run
------------------------------------  -----  ---------  --------  ----------  --------------  -------------------
/opt/airflow/dags/market_data_dag.py                           1           0  0.28s           2026-03-24T14:36:45
================================================================================
[2026-03-24T14:37:16.033+0000] {manager.py:879} INFO - 
================================================================================
DAG File Processing Stats

File Path                               PID  Runtime      # DAGs    # Errors  Last Runtime    Last Run
------------------------------------  -----  ---------  --------  ----------  --------------  -------------------
/opt/airflow/dags/market_data_dag.py    329  0.01s             1           0  0.28s           2026-03-24T14:36:45
================================================================================
[2026-03-24T14:37:47.156+0000] {manager.py:879} INFO - 
================================================================================
DAG File Processing Stats

File Path                               PID  Runtime      # DAGs    # Errors  Last Runtime    Last Run
------------------------------------  -----  ---------  --------  ----------  --------------  -------------------
/opt/airflow/dags/market_data_dag.py    334  0.01s             1           0  0.33s           2026-03-24T14:37:16
================================================================================
[2026-03-24T14:38:18.106+0000] {manager.py:879} INFO - 
================================================================================
DAG File Processing Stats

File Path                               PID  Runtime      # DAGs    # Errors  Last Runtime    Last Run
------------------------------------  -----  ---------  --------  ----------  --------------  -------------------
/opt/airflow/dags/market_data_dag.py    339  0.01s             1           0  0.18s           2026-03-24T14:37:47
================================================================================
[2026-03-24T14:38:49.174+0000] {manager.py:879} INFO - 
================================================================================
DAG File Processing Stats

File Path                               PID  Runtime      # DAGs    # Errors  Last Runtime    Last Run
------------------------------------  -----  ---------  --------  ----------  --------------  -------------------
/opt/airflow/dags/market_data_dag.py    344  0.01s             1           0  0.18s           2026-03-24T14:38:18
================================================================================
[2026-03-24T14:39:12.111+0000] {manager.py:738} INFO - Searching for files in /opt/airflow/dags
[2026-03-24T14:39:12.210+0000] {manager.py:741} INFO - There are 1 files in /opt/airflow/dags
[2026-03-24T14:39:20.351+0000] {manager.py:879} INFO - 
================================================================================
DAG File Processing Stats

File Path                               PID  Runtime      # DAGs    # Errors  Last Runtime    Last Run
------------------------------------  -----  ---------  --------  ----------  --------------  -------------------
/opt/airflow/dags/market_data_dag.py    349  0.01s             1           0  0.23s           2026-03-24T14:38:49
================================================================================
[2026-03-24T14:39:51.276+0000] {manager.py:879} INFO - 
================================================================================
DAG File Processing Stats

File Path                               PID  Runtime      # DAGs    # Errors  Last Runtime    Last Run
------------------------------------  -----  ---------  --------  ----------  --------------  -------------------
/opt/airflow/dags/market_data_dag.py    354  0.01s             1           0  0.24s           2026-03-24T14:39:20
================================================================================
[2026-03-24T14:40:22.493+0000] {manager.py:879} INFO - 
================================================================================
DAG File Processing Stats

File Path                               PID  Runtime      # DAGs    # Errors  Last Runtime    Last Run
------------------------------------  -----  ---------  --------  ----------  --------------  -------------------
/opt/airflow/dags/market_data_dag.py    359  0.00s             1           0  0.31s           2026-03-24T14:39:51
================================================================================
[2026-03-24T14:40:53.505+0000] {manager.py:879} INFO - 
================================================================================
DAG File Processing Stats

File Path                               PID  Runtime      # DAGs    # Errors  Last Runtime    Last Run
------------------------------------  -----  ---------  --------  ----------  --------------  -------------------
/opt/airflow/dags/market_data_dag.py    364  0.01s             1           0  0.21s           2026-03-24T14:40:22
================================================================================
[2026-03-24T14:41:26.275+0000] {manager.py:879} INFO - 
================================================================================
DAG File Processing Stats

File Path                               PID  Runtime      # DAGs    # Errors  Last Runtime    Last Run
------------------------------------  -----  ---------  --------  ----------  --------------  -------------------
/opt/airflow/dags/market_data_dag.py    369  0.00s             1           0  0.95s           2026-03-24T14:40:54
================================================================================
[2026-03-24T14:41:57.223+0000] {manager.py:879} INFO - 
================================================================================
DAG File Processing Stats

File Path                               PID  Runtime      # DAGs    # Errors  Last Runtime    Last Run
------------------------------------  -----  ---------  --------  ----------  --------------  -------------------
/opt/airflow/dags/market_data_dag.py    374  0.01s             1           0  0.19s           2026-03-24T14:41:26
================================================================================
[2026-03-24T14:42:28.298+0000] {manager.py:879} INFO - 
================================================================================
DAG File Processing Stats

File Path                               PID  Runtime      # DAGs    # Errors  Last Runtime    Last Run
------------------------------------  -----  ---------  --------  ----------  --------------  -------------------
/opt/airflow/dags/market_data_dag.py    379  0.01s             1           0  0.20s           2026-03-24T14:41:57
================================================================================
[2026-03-24T14:42:59.268+0000] {manager.py:879} INFO - 
================================================================================
DAG File Processing Stats

File Path                               PID  Runtime      # DAGs    # Errors  Last Runtime    Last Run
------------------------------------  -----  ---------  --------  ----------  --------------  -------------------
/opt/airflow/dags/market_data_dag.py    384  0.01s             1           0  0.24s           2026-03-24T14:42:28
================================================================================
[2026-03-24T14:43:30.039+0000] {manager.py:879} INFO - 
================================================================================
DAG File Processing Stats

File Path                               PID  Runtime      # DAGs    # Errors  Last Runtime    Last Run
------------------------------------  -----  ---------  --------  ----------  --------------  -------------------
/opt/airflow/dags/market_data_dag.py    389  0.01s             1           0  0.27s           2026-03-24T14:42:59
================================================================================
[2026-03-24T14:44:00.711+0000] {manager.py:879} INFO - 
================================================================================
DAG File Processing Stats

File Path                               PID  Runtime      # DAGs    # Errors  Last Runtime    Last Run
------------------------------------  -----  ---------  --------  ----------  --------------  -------------------
/opt/airflow/dags/market_data_dag.py    394  0.01s             1           0  0.25s           2026-03-24T14:43:30
================================================================================
[2026-03-24T14:44:13.005+0000] {manager.py:738} INFO - Searching for files in /opt/airflow/dags
[2026-03-24T14:44:13.055+0000] {manager.py:741} INFO - There are 1 files in /opt/airflow/dags
[2026-03-24T14:44:31.488+0000] {manager.py:879} INFO - 
================================================================================
DAG File Processing Stats

File Path                               PID  Runtime      # DAGs    # Errors  Last Runtime    Last Run
------------------------------------  -----  ---------  --------  ----------  --------------  -------------------
/opt/airflow/dags/market_data_dag.py    399  0.00s             1           0  0.21s           2026-03-24T14:44:00
================================================================================
[2026-03-24T14:45:02.092+0000] {manager.py:879} INFO - 
================================================================================
DAG File Processing Stats

File Path                               PID  Runtime      # DAGs    # Errors  Last Runtime    Last Run
------------------------------------  -----  ---------  --------  ----------  --------------  -------------------
/opt/airflow/dags/market_data_dag.py    404  0.01s             1           0  0.18s           2026-03-24T14:44:31
================================================================================
[2026-03-24T14:45:32.711+0000] {manager.py:879} INFO - 
================================================================================
DAG File Processing Stats

File Path                               PID  Runtime      # DAGs    # Errors  Last Runtime    Last Run
------------------------------------  -----  ---------  --------  ----------  --------------  -------------------
/opt/airflow/dags/market_data_dag.py    409  0.01s             1           0  0.22s           2026-03-24T14:45:02
================================================================================
[2026-03-24T14:46:03.240+0000] {manager.py:879} INFO - 
================================================================================
DAG File Processing Stats

File Path                               PID  Runtime      # DAGs    # Errors  Last Runtime    Last Run
------------------------------------  -----  ---------  --------  ----------  --------------  -------------------
/opt/airflow/dags/market_data_dag.py    414  0.01s             1           0  0.22s           2026-03-24T14:45:32
================================================================================
[2026-03-24T14:46:33.854+0000] {manager.py:879} INFO - 
================================================================================
DAG File Processing Stats

File Path                               PID  Runtime      # DAGs    # Errors  Last Runtime    Last Run
------------------------------------  -----  ---------  --------  ----------  --------------  -------------------
/opt/airflow/dags/market_data_dag.py    419  0.01s             1           0  0.19s           2026-03-24T14:46:03
================================================================================
[2026-03-24T14:47:04.440+0000] {manager.py:879} INFO - 
================================================================================
DAG File Processing Stats

File Path                               PID  Runtime      # DAGs    # Errors  Last Runtime    Last Run
------------------------------------  -----  ---------  --------  ----------  --------------  -------------------
/opt/airflow/dags/market_data_dag.py    424  0.01s             1           0  0.21s           2026-03-24T14:46:34
================================================================================
[2026-03-24T14:47:34.913+0000] {manager.py:879} INFO - 
================================================================================
DAG File Processing Stats

File Path                               PID  Runtime      # DAGs    # Errors  Last Runtime    Last Run
------------------------------------  -----  ---------  --------  ----------  --------------  -------------------
/opt/airflow/dags/market_data_dag.py    429  0.00s             1           0  0.25s           2026-03-24T14:47:04
================================================================================
[2026-03-24T14:47:39.245+0000] {manager.py:451} INFO - Exiting gracefully upon receiving signal 15
[2026-03-24T14:48:04.629+0000] {manager.py:469} INFO - Processing files using up to 2 processes at a time 
[2026-03-24T14:48:04.630+0000] {manager.py:470} INFO - Process each file at most once every 30 seconds
[2026-03-24T14:48:04.632+0000] {manager.py:471} INFO - Checking for new files in /opt/airflow/dags every 300 seconds
[2026-03-24T14:48:04.636+0000] {manager.py:738} INFO - Searching for files in /opt/airflow/dags
[2026-03-24T14:48:04.685+0000] {manager.py:741} INFO - There are 1 files in /opt/airflow/dags
[2026-03-24T14:48:05.052+0000] {manager.py:879} INFO - 
================================================================================
DAG File Processing Stats

File Path                               PID  Runtime      # DAGs    # Errors  Last Runtime    Last Run
------------------------------------  -----  ---------  --------  ----------  --------------  ----------
/opt/airflow/dags/market_data_dag.py    171  0.05s             0           0
================================================================================
[2026-03-24T14:48:35.335+0000] {manager.py:879} INFO - 
================================================================================
DAG File Processing Stats

File Path                             PID    Runtime      # DAGs    # Errors  Last Runtime    Last Run
------------------------------------  -----  ---------  --------  ----------  --------------  -------------------
/opt/airflow/dags/market_data_dag.py                           1           0  0.53s           2026-03-24T14:48:05
================================================================================
[2026-03-24T14:49:05.448+0000] {manager.py:879} INFO - 
================================================================================
DAG File Processing Stats

File Path                             PID    Runtime      # DAGs    # Errors  Last Runtime    Last Run
------------------------------------  -----  ---------  --------  ----------  --------------  -------------------
/opt/airflow/dags/market_data_dag.py                           1           0  0.33s           2026-03-24T14:48:36
================================================================================
[2026-03-24T14:49:35.765+0000] {manager.py:879} INFO - 
================================================================================
DAG File Processing Stats

File Path                             PID    Runtime      # DAGs    # Errors  Last Runtime    Last Run
------------------------------------  -----  ---------  --------  ----------  --------------  -------------------
/opt/airflow/dags/market_data_dag.py                           1           0  0.19s           2026-03-24T14:49:06
================================================================================
[2026-03-24T14:50:06.285+0000] {manager.py:879} INFO - 
================================================================================
DAG File Processing Stats

File Path                             PID    Runtime      # DAGs    # Errors  Last Runtime    Last Run
------------------------------------  -----  ---------  --------  ----------  --------------  -------------------
/opt/airflow/dags/market_data_dag.py                           1           0  0.29s           2026-03-24T14:49:37
================================================================================
[2026-03-24T14:50:36.713+0000] {manager.py:879} INFO - 
================================================================================
DAG File Processing Stats

File Path                             PID    Runtime      # DAGs    # Errors  Last Runtime    Last Run
------------------------------------  -----  ---------  --------  ----------  --------------  -------------------
/opt/airflow/dags/market_data_dag.py                           1           0  0.20s           2026-03-24T14:50:07
================================================================================
[2026-03-24T14:51:07.145+0000] {manager.py:879} INFO - 
================================================================================
DAG File Processing Stats

File Path                             PID    Runtime      # DAGs    # Errors  Last Runtime    Last Run
------------------------------------  -----  ---------  --------  ----------  --------------  -------------------
/opt/airflow/dags/market_data_dag.py                           1           0  0.37s           2026-03-24T14:50:38
================================================================================
[2026-03-24T14:51:37.810+0000] {manager.py:879} INFO - 
================================================================================
DAG File Processing Stats

File Path                             PID    Runtime      # DAGs    # Errors  Last Runtime    Last Run
------------------------------------  -----  ---------  --------  ----------  --------------  -------------------
/opt/airflow/dags/market_data_dag.py                           1           0  0.23s           2026-03-24T14:51:08
================================================================================
[2026-03-24T14:52:08.289+0000] {manager.py:879} INFO - 
================================================================================
DAG File Processing Stats

File Path                             PID    Runtime      # DAGs    # Errors  Last Runtime    Last Run
------------------------------------  -----  ---------  --------  ----------  --------------  -------------------
/opt/airflow/dags/market_data_dag.py                           1           0  0.26s           2026-03-24T14:51:39
================================================================================
[2026-03-24T14:52:38.721+0000] {manager.py:879} INFO - 
================================================================================
DAG File Processing Stats

File Path                             PID    Runtime      # DAGs    # Errors  Last Runtime    Last Run
------------------------------------  -----  ---------  --------  ----------  --------------  -------------------
/opt/airflow/dags/market_data_dag.py                           1           0  0.20s           2026-03-24T14:52:09
================================================================================
[2026-03-24T14:53:05.078+0000] {manager.py:738} INFO - Searching for files in /opt/airflow/dags
[2026-03-24T14:53:05.122+0000] {manager.py:741} INFO - There are 1 files in /opt/airflow/dags
[2026-03-24T14:53:09.185+0000] {manager.py:879} INFO - 
================================================================================
DAG File Processing Stats

File Path                             PID    Runtime      # DAGs    # Errors  Last Runtime    Last Run
------------------------------------  -----  ---------  --------  ----------  --------------  -------------------
/opt/airflow/dags/market_data_dag.py                           1           0  0.25s           2026-03-24T14:52:39
================================================================================
[2026-03-24T14:53:39.567+0000] {manager.py:879} INFO - 
================================================================================
DAG File Processing Stats

File Path                             PID    Runtime      # DAGs    # Errors  Last Runtime    Last Run
------------------------------------  -----  ---------  --------  ----------  --------------  -------------------
/opt/airflow/dags/market_data_dag.py                           1           0  0.16s           2026-03-24T14:53:10
================================================================================
[2026-03-24T14:54:09.968+0000] {manager.py:879} INFO - 
================================================================================
DAG File Processing Stats

File Path                             PID    Runtime      # DAGs    # Errors  Last Runtime    Last Run
------------------------------------  -----  ---------  --------  ----------  --------------  -------------------
/opt/airflow/dags/market_data_dag.py                           1           0  0.20s           2026-03-24T14:53:40
================================================================================
[2026-03-24T14:54:40.386+0000] {manager.py:879} INFO - 
================================================================================
DAG File Processing Stats

File Path                             PID    Runtime      # DAGs    # Errors  Last Runtime    Last Run
------------------------------------  -----  ---------  --------  ----------  --------------  -------------------
/opt/airflow/dags/market_data_dag.py                           1           0  0.20s           2026-03-24T14:54:11
================================================================================
[2026-03-24T14:55:10.812+0000] {manager.py:879} INFO - 
================================================================================
DAG File Processing Stats

File Path                             PID    Runtime      # DAGs    # Errors  Last Runtime    Last Run
------------------------------------  -----  ---------  --------  ----------  --------------  -------------------
/opt/airflow/dags/market_data_dag.py                           1           0  0.24s           2026-03-24T14:54:41
================================================================================
[2026-03-24T14:55:41.216+0000] {manager.py:879} INFO - 
================================================================================
DAG File Processing Stats

File Path                             PID    Runtime      # DAGs    # Errors  Last Runtime    Last Run
------------------------------------  -----  ---------  --------  ----------  --------------  -------------------
/opt/airflow/dags/market_data_dag.py                           1           0  0.20s           2026-03-24T14:55:12
================================================================================
[2026-03-24T14:56:11.633+0000] {manager.py:879} INFO - 
================================================================================
DAG File Processing Stats

File Path                             PID    Runtime      # DAGs    # Errors  Last Runtime    Last Run
------------------------------------  -----  ---------  --------  ----------  --------------  -------------------
/opt/airflow/dags/market_data_dag.py                           1           0  0.24s           2026-03-24T14:55:42
================================================================================
[2026-03-24T14:56:42.132+0000] {manager.py:879} INFO - 
================================================================================
DAG File Processing Stats

File Path                             PID    Runtime      # DAGs    # Errors  Last Runtime    Last Run
------------------------------------  -----  ---------  --------  ----------  --------------  -------------------
/opt/airflow/dags/market_data_dag.py                           1           0  0.19s           2026-03-24T14:56:12
================================================================================
[2026-03-24T14:57:12.460+0000] {manager.py:879} INFO - 
================================================================================
DAG File Processing Stats

File Path                             PID    Runtime      # DAGs    # Errors  Last Runtime    Last Run
------------------------------------  -----  ---------  --------  ----------  --------------  -------------------
/opt/airflow/dags/market_data_dag.py                           1           0  0.20s           2026-03-24T14:56:43
================================================================================
[2026-03-24T14:57:42.945+0000] {manager.py:879} INFO - 
================================================================================
DAG File Processing Stats

File Path                             PID    Runtime      # DAGs    # Errors  Last Runtime    Last Run
------------------------------------  -----  ---------  --------  ----------  --------------  -------------------
/opt/airflow/dags/market_data_dag.py                           1           0  0.34s           2026-03-24T14:57:13
================================================================================
[2026-03-24T14:58:05.340+0000] {manager.py:738} INFO - Searching for files in /opt/airflow/dags
[2026-03-24T14:58:05.390+0000] {manager.py:741} INFO - There are 1 files in /opt/airflow/dags
[2026-03-24T14:58:13.490+0000] {manager.py:879} INFO - 
================================================================================
DAG File Processing Stats

File Path                             PID    Runtime      # DAGs    # Errors  Last Runtime    Last Run
------------------------------------  -----  ---------  --------  ----------  --------------  -------------------
/opt/airflow/dags/market_data_dag.py                           1           0  0.21s           2026-03-24T14:57:44
================================================================================
[2026-03-24T14:58:43.830+0000] {manager.py:879} INFO - 
================================================================================
DAG File Processing Stats

File Path                             PID    Runtime      # DAGs    # Errors  Last Runtime    Last Run
------------------------------------  -----  ---------  --------  ----------  --------------  -------------------
/opt/airflow/dags/market_data_dag.py                           1           0  0.21s           2026-03-24T14:58:14
================================================================================
[2026-03-24T14:59:14.099+0000] {manager.py:879} INFO - 
================================================================================
DAG File Processing Stats

File Path                             PID    Runtime      # DAGs    # Errors  Last Runtime    Last Run
------------------------------------  -----  ---------  --------  ----------  --------------  -------------------
/opt/airflow/dags/market_data_dag.py                           1           0  0.18s           2026-03-24T14:58:45
================================================================================
[2026-03-24T14:59:44.415+0000] {manager.py:879} INFO - 
================================================================================
DAG File Processing Stats

File Path                             PID    Runtime      # DAGs    # Errors  Last Runtime    Last Run
------------------------------------  -----  ---------  --------  ----------  --------------  -------------------
/opt/airflow/dags/market_data_dag.py                           1           0  0.16s           2026-03-24T14:59:15
================================================================================
[2026-03-24T15:00:14.849+0000] {manager.py:879} INFO - 
================================================================================
DAG File Processing Stats

File Path                             PID    Runtime      # DAGs    # Errors  Last Runtime    Last Run
------------------------------------  -----  ---------  --------  ----------  --------------  -------------------
/opt/airflow/dags/market_data_dag.py                           1           0  0.19s           2026-03-24T14:59:45
================================================================================
[2026-03-24T15:00:45.252+0000] {manager.py:879} INFO - 
================================================================================
DAG File Processing Stats

File Path                             PID    Runtime      # DAGs    # Errors  Last Runtime    Last Run
------------------------------------  -----  ---------  --------  ----------  --------------  -------------------
/opt/airflow/dags/market_data_dag.py                           1           0  0.19s           2026-03-24T15:00:16
================================================================================
[2026-03-24T15:01:15.715+0000] {manager.py:879} INFO - 
================================================================================
DAG File Processing Stats

File Path                             PID    Runtime      # DAGs    # Errors  Last Runtime    Last Run
------------------------------------  -----  ---------  --------  ----------  --------------  -------------------
/opt/airflow/dags/market_data_dag.py                           1           0  0.22s           2026-03-24T15:00:46
================================================================================
[2026-03-24T15:01:46.110+0000] {manager.py:879} INFO - 
================================================================================
DAG File Processing Stats

File Path                             PID    Runtime      # DAGs    # Errors  Last Runtime    Last Run
------------------------------------  -----  ---------  --------  ----------  --------------  -------------------
/opt/airflow/dags/market_data_dag.py                           1           0  0.25s           2026-03-24T15:01:17
================================================================================
[2026-03-24T15:02:16.650+0000] {manager.py:879} INFO - 
================================================================================
DAG File Processing Stats

File Path                             PID    Runtime      # DAGs    # Errors  Last Runtime    Last Run
------------------------------------  -----  ---------  --------  ----------  --------------  -------------------
/opt/airflow/dags/market_data_dag.py                           1           0  0.21s           2026-03-24T15:01:47
================================================================================
[2026-03-24T15:02:47.017+0000] {manager.py:879} INFO - 
================================================================================
DAG File Processing Stats

File Path                             PID    Runtime      # DAGs    # Errors  Last Runtime    Last Run
------------------------------------  -----  ---------  --------  ----------  --------------  -------------------
/opt/airflow/dags/market_data_dag.py                           1           0  0.21s           2026-03-24T15:02:17
================================================================================
[2026-03-24T15:03:05.403+0000] {manager.py:738} INFO - Searching for files in /opt/airflow/dags
[2026-03-24T15:03:05.453+0000] {manager.py:741} INFO - There are 1 files in /opt/airflow/dags
[2026-03-24T15:03:17.603+0000] {manager.py:879} INFO - 
================================================================================
DAG File Processing Stats

File Path                             PID    Runtime      # DAGs    # Errors  Last Runtime    Last Run
------------------------------------  -----  ---------  --------  ----------  --------------  -------------------
/opt/airflow/dags/market_data_dag.py                           1           0  0.23s           2026-03-24T15:02:48
================================================================================
[2026-03-24T15:03:47.953+0000] {manager.py:879} INFO - 
================================================================================
DAG File Processing Stats

File Path                             PID    Runtime      # DAGs    # Errors  Last Runtime    Last Run
------------------------------------  -----  ---------  --------  ----------  --------------  -------------------
/opt/airflow/dags/market_data_dag.py                           1           0  0.26s           2026-03-24T15:03:18
================================================================================
[2026-03-24T15:04:18.465+0000] {manager.py:879} INFO - 
================================================================================
DAG File Processing Stats

File Path                             PID    Runtime      # DAGs    # Errors  Last Runtime    Last Run
------------------------------------  -----  ---------  --------  ----------  --------------  -------------------
/opt/airflow/dags/market_data_dag.py                           1           0  0.24s           2026-03-24T15:03:49
================================================================================
[2026-03-24T15:04:48.797+0000] {manager.py:879} INFO - 
================================================================================
DAG File Processing Stats

File Path                             PID    Runtime      # DAGs    # Errors  Last Runtime    Last Run
------------------------------------  -----  ---------  --------  ----------  --------------  -------------------
/opt/airflow/dags/market_data_dag.py                           1           0  0.40s           2026-03-24T15:04:19
================================================================================
[2026-03-24T15:05:19.512+0000] {manager.py:879} INFO - 
================================================================================
DAG File Processing Stats

File Path                             PID    Runtime      # DAGs    # Errors  Last Runtime    Last Run
------------------------------------  -----  ---------  --------  ----------  --------------  -------------------
/opt/airflow/dags/market_data_dag.py                           1           0  0.31s           2026-03-24T15:04:50
================================================================================
[2026-03-24T15:05:50.173+0000] {manager.py:879} INFO - 
================================================================================
DAG File Processing Stats

File Path                             PID    Runtime      # DAGs    # Errors  Last Runtime    Last Run
------------------------------------  -----  ---------  --------  ----------  --------------  -------------------
/opt/airflow/dags/market_data_dag.py                           1           0  0.21s           2026-03-24T15:05:21
================================================================================
[2026-03-24T15:06:20.686+0000] {manager.py:879} INFO - 
================================================================================
DAG File Processing Stats

File Path                             PID    Runtime      # DAGs    # Errors  Last Runtime    Last Run
------------------------------------  -----  ---------  --------  ----------  --------------  -------------------
/opt/airflow/dags/market_data_dag.py                           1           0  0.21s           2026-03-24T15:05:51
================================================================================
[2026-03-24T15:06:51.098+0000] {manager.py:879} INFO - 
================================================================================
DAG File Processing Stats

File Path                             PID    Runtime      # DAGs    # Errors  Last Runtime    Last Run
------------------------------------  -----  ---------  --------  ----------  --------------  -------------------
/opt/airflow/dags/market_data_dag.py                           1           0  0.26s           2026-03-24T15:06:21
================================================================================
[2026-03-24T15:07:21.660+0000] {manager.py:879} INFO - 
================================================================================
DAG File Processing Stats

File Path                             PID    Runtime      # DAGs    # Errors  Last Runtime    Last Run
------------------------------------  -----  ---------  --------  ----------  --------------  -------------------
/opt/airflow/dags/market_data_dag.py                           1           0  0.24s           2026-03-24T15:06:52
================================================================================
[2026-03-24T15:07:52.021+0000] {manager.py:879} INFO - 
================================================================================
DAG File Processing Stats

File Path                             PID    Runtime      # DAGs    # Errors  Last Runtime    Last Run
------------------------------------  -----  ---------  --------  ----------  --------------  -------------------
/opt/airflow/dags/market_data_dag.py                           1           0  0.23s           2026-03-24T15:07:22
================================================================================
[2026-03-24T15:08:06.340+0000] {manager.py:738} INFO - Searching for files in /opt/airflow/dags
[2026-03-24T15:08:06.403+0000] {manager.py:741} INFO - There are 1 files in /opt/airflow/dags
[2026-03-24T15:08:22.596+0000] {manager.py:879} INFO - 
================================================================================
DAG File Processing Stats

File Path                             PID    Runtime      # DAGs    # Errors  Last Runtime    Last Run
------------------------------------  -----  ---------  --------  ----------  --------------  -------------------
/opt/airflow/dags/market_data_dag.py                           1           0  0.20s           2026-03-24T15:07:53
================================================================================
[2026-03-24T15:08:52.965+0000] {manager.py:879} INFO - 
================================================================================
DAG File Processing Stats

File Path                             PID    Runtime      # DAGs    # Errors  Last Runtime    Last Run
------------------------------------  -----  ---------  --------  ----------  --------------  -------------------
/opt/airflow/dags/market_data_dag.py                           1           0  0.27s           2026-03-24T15:08:23
================================================================================
[2026-03-24T15:09:23.263+0000] {manager.py:879} INFO - 
================================================================================
DAG File Processing Stats

File Path                             PID    Runtime      # DAGs    # Errors  Last Runtime    Last Run
------------------------------------  -----  ---------  --------  ----------  --------------  -------------------
/opt/airflow/dags/market_data_dag.py                           1           0  0.18s           2026-03-24T15:08:54
================================================================================
[2026-03-24T15:09:53.701+0000] {manager.py:879} INFO - 
================================================================================
DAG File Processing Stats

File Path                             PID    Runtime      # DAGs    # Errors  Last Runtime    Last Run
------------------------------------  -----  ---------  --------  ----------  --------------  -------------------
/opt/airflow/dags/market_data_dag.py                           1           0  0.21s           2026-03-24T15:09:24
================================================================================
[2026-03-24T15:10:24.039+0000] {manager.py:879} INFO - 
================================================================================
DAG File Processing Stats

File Path                             PID    Runtime      # DAGs    # Errors  Last Runtime    Last Run
------------------------------------  -----  ---------  --------  ----------  --------------  -------------------
/opt/airflow/dags/market_data_dag.py                           1           0  0.17s           2026-03-24T15:09:54
================================================================================
[2026-03-24T15:10:54.477+0000] {manager.py:879} INFO - 
================================================================================
DAG File Processing Stats

File Path                             PID    Runtime      # DAGs    # Errors  Last Runtime    Last Run
------------------------------------  -----  ---------  --------  ----------  --------------  -------------------
/opt/airflow/dags/market_data_dag.py                           1           0  0.26s           2026-03-24T15:10:25
================================================================================
[2026-03-24T15:11:24.958+0000] {manager.py:879} INFO - 
================================================================================
DAG File Processing Stats

File Path                             PID    Runtime      # DAGs    # Errors  Last Runtime    Last Run
------------------------------------  -----  ---------  --------  ----------  --------------  -------------------
/opt/airflow/dags/market_data_dag.py                           1           0  0.17s           2026-03-24T15:10:55
================================================================================
[2026-03-24T15:11:55.193+0000] {manager.py:879} INFO - 
================================================================================
DAG File Processing Stats

File Path                             PID    Runtime      # DAGs    # Errors  Last Runtime    Last Run
------------------------------------  -----  ---------  --------  ----------  --------------  -------------------
/opt/airflow/dags/market_data_dag.py                           1           0  0.16s           2026-03-24T15:11:26
================================================================================
[2026-03-24T15:12:25.670+0000] {manager.py:879} INFO - 
================================================================================
DAG File Processing Stats

File Path                             PID    Runtime      # DAGs    # Errors  Last Runtime    Last Run
------------------------------------  -----  ---------  --------  ----------  --------------  -------------------
/opt/airflow/dags/market_data_dag.py                           1           0  0.18s           2026-03-24T15:11:56
================================================================================
[2026-03-24T15:12:55.906+0000] {manager.py:879} INFO - 
================================================================================
DAG File Processing Stats

File Path                             PID    Runtime      # DAGs    # Errors  Last Runtime    Last Run
------------------------------------  -----  ---------  --------  ----------  --------------  -------------------
/opt/airflow/dags/market_data_dag.py                           1           0  0.14s           2026-03-24T15:12:26
================================================================================
[2026-03-24T15:13:07.112+0000] {manager.py:738} INFO - Searching for files in /opt/airflow/dags
[2026-03-24T15:13:07.166+0000] {manager.py:741} INFO - There are 1 files in /opt/airflow/dags
[2026-03-24T15:13:26.342+0000] {manager.py:879} INFO - 
================================================================================
DAG File Processing Stats

File Path                             PID    Runtime      # DAGs    # Errors  Last Runtime    Last Run
------------------------------------  -----  ---------  --------  ----------  --------------  -------------------
/opt/airflow/dags/market_data_dag.py                           1           0  0.16s           2026-03-24T15:12:57
================================================================================
[2026-03-24T15:13:56.628+0000] {manager.py:879} INFO - 
================================================================================
DAG File Processing Stats

File Path                             PID    Runtime      # DAGs    # Errors  Last Runtime    Last Run
------------------------------------  -----  ---------  --------  ----------  --------------  -------------------
/opt/airflow/dags/market_data_dag.py                           1           0  0.18s           2026-03-24T15:13:27
================================================================================
[2026-03-24T15:14:27.011+0000] {manager.py:879} INFO - 
================================================================================
DAG File Processing Stats

File Path                             PID    Runtime      # DAGs    # Errors  Last Runtime    Last Run
------------------------------------  -----  ---------  --------  ----------  --------------  -------------------
/opt/airflow/dags/market_data_dag.py                           1           0  0.20s           2026-03-24T15:13:57
================================================================================
[2026-03-24T15:15:00.623+0000] {manager.py:879} INFO - 
================================================================================
DAG File Processing Stats

File Path                             PID    Runtime      # DAGs    # Errors  Last Runtime    Last Run
------------------------------------  -----  ---------  --------  ----------  --------------  -------------------
/opt/airflow/dags/market_data_dag.py                           1           0  0.21s           2026-03-24T15:14:58
================================================================================
[2026-03-24T15:15:31.020+0000] {manager.py:879} INFO - 
================================================================================
DAG File Processing Stats

File Path                             PID    Runtime      # DAGs    # Errors  Last Runtime    Last Run
------------------------------------  -----  ---------  --------  ----------  --------------  -------------------
/opt/airflow/dags/market_data_dag.py                           1           0  0.21s           2026-03-24T15:15:29
================================================================================
[2026-03-24T15:32:57.124+0000] {manager.py:738} INFO - Searching for files in /opt/airflow/dags
[2026-03-24T15:32:57.195+0000] {manager.py:741} INFO - There are 1 files in /opt/airflow/dags
[2026-03-24T15:33:14.456+0000] {manager.py:879} INFO - 
================================================================================
DAG File Processing Stats

File Path                             PID    Runtime      # DAGs    # Errors  Last Runtime    Last Run
------------------------------------  -----  ---------  --------  ----------  --------------  -------------------
/opt/airflow/dags/market_data_dag.py                           1           0  0.44s           2026-03-24T15:32:57
================================================================================
[2026-03-24T15:33:45.184+0000] {manager.py:879} INFO - 
================================================================================
DAG File Processing Stats

File Path                             PID    Runtime      # DAGs    # Errors  Last Runtime    Last Run
------------------------------------  -----  ---------  --------  ----------  --------------  -------------------
/opt/airflow/dags/market_data_dag.py                           1           0  0.22s           2026-03-24T15:33:28
================================================================================
[2026-03-24T15:34:15.751+0000] {manager.py:879} INFO - 
================================================================================
DAG File Processing Stats

File Path                             PID    Runtime      # DAGs    # Errors  Last Runtime    Last Run
------------------------------------  -----  ---------  --------  ----------  --------------  -------------------
/opt/airflow/dags/market_data_dag.py                           1           0  0.19s           2026-03-24T15:33:58
================================================================================
[2026-03-24T15:34:46.133+0000] {manager.py:879} INFO - 
================================================================================
DAG File Processing Stats

File Path                             PID    Runtime      # DAGs    # Errors  Last Runtime    Last Run
------------------------------------  -----  ---------  --------  ----------  --------------  -------------------
/opt/airflow/dags/market_data_dag.py                           1           0  0.21s           2026-03-24T15:34:29
================================================================================
[2026-03-24T15:35:16.678+0000] {manager.py:879} INFO - 
================================================================================
DAG File Processing Stats

File Path                             PID    Runtime      # DAGs    # Errors  Last Runtime    Last Run
------------------------------------  -----  ---------  --------  ----------  --------------  -------------------
/opt/airflow/dags/market_data_dag.py                           1           0  0.23s           2026-03-24T15:34:59
================================================================================
[2026-03-24T15:35:47.076+0000] {manager.py:879} INFO - 
================================================================================
DAG File Processing Stats

File Path                             PID    Runtime      # DAGs    # Errors  Last Runtime    Last Run
------------------------------------  -----  ---------  --------  ----------  --------------  -------------------
/opt/airflow/dags/market_data_dag.py                           1           0  0.19s           2026-03-24T15:35:30
================================================================================
[2026-03-24T15:36:17.593+0000] {manager.py:879} INFO - 
================================================================================
DAG File Processing Stats

File Path                             PID    Runtime      # DAGs    # Errors  Last Runtime    Last Run
------------------------------------  -----  ---------  --------  ----------  --------------  -------------------
/opt/airflow/dags/market_data_dag.py                           1           0  0.19s           2026-03-24T15:36:00
================================================================================
[2026-03-24T15:36:47.985+0000] {manager.py:879} INFO - 
================================================================================
DAG File Processing Stats

File Path                             PID    Runtime      # DAGs    # Errors  Last Runtime    Last Run
------------------------------------  -----  ---------  --------  ----------  --------------  -------------------
/opt/airflow/dags/market_data_dag.py                           1           0  0.21s           2026-03-24T15:36:30
================================================================================
