[2026-03-23T20:27:58.508+0000] {processor.py:161} INFO - Started process (PID=171) to work on /opt/airflow/dags/market_data_dag.py
[2026-03-23T20:27:58.510+0000] {processor.py:830} INFO - Processing file /opt/airflow/dags/market_data_dag.py for tasks to queue
[2026-03-23T20:27:58.513+0000] {logging_mixin.py:188} INFO - [2026-03-23T20:27:58.512+0000] {dagbag.py:538} INFO - Filling up the DagBag from /opt/airflow/dags/market_data_dag.py
[2026-03-23T20:27:58.567+0000] {logging_mixin.py:188} INFO - [2026-03-23T20:27:58.562+0000] {dagbag.py:348} ERROR - Failed to import: /opt/airflow/dags/market_data_dag.py
Traceback (most recent call last):
  File "/home/airflow/.local/lib/python3.8/site-packages/airflow/models/dagbag.py", line 344, in parse
    loader.exec_module(new_module)
  File "<frozen importlib._bootstrap_external>", line 843, in exec_module
  File "<frozen importlib._bootstrap>", line 219, in _call_with_frames_removed
  File "/opt/airflow/dags/market_data_dag.py", line 8, in <module>
    from scripts.extract_load import fetch_and_store
ModuleNotFoundError: No module named 'scripts.extract_load'
[2026-03-23T20:27:58.569+0000] {processor.py:842} WARNING - No viable dags retrieved from /opt/airflow/dags/market_data_dag.py
[2026-03-23T20:27:58.612+0000] {processor.py:183} INFO - Processing /opt/airflow/dags/market_data_dag.py took 0.109 seconds
[2026-03-23T20:28:28.988+0000] {processor.py:161} INFO - Started process (PID=176) to work on /opt/airflow/dags/market_data_dag.py
[2026-03-23T20:28:28.989+0000] {processor.py:830} INFO - Processing file /opt/airflow/dags/market_data_dag.py for tasks to queue
[2026-03-23T20:28:28.991+0000] {logging_mixin.py:188} INFO - [2026-03-23T20:28:28.990+0000] {dagbag.py:538} INFO - Filling up the DagBag from /opt/airflow/dags/market_data_dag.py
[2026-03-23T20:28:29.023+0000] {logging_mixin.py:188} INFO - [2026-03-23T20:28:29.016+0000] {dagbag.py:348} ERROR - Failed to import: /opt/airflow/dags/market_data_dag.py
Traceback (most recent call last):
  File "/home/airflow/.local/lib/python3.8/site-packages/airflow/models/dagbag.py", line 344, in parse
    loader.exec_module(new_module)
  File "<frozen importlib._bootstrap_external>", line 843, in exec_module
  File "<frozen importlib._bootstrap>", line 219, in _call_with_frames_removed
  File "/opt/airflow/dags/market_data_dag.py", line 8, in <module>
    from scripts.extract_load import fetch_and_store
ModuleNotFoundError: No module named 'scripts.extract_load'
[2026-03-23T20:28:29.025+0000] {processor.py:842} WARNING - No viable dags retrieved from /opt/airflow/dags/market_data_dag.py
[2026-03-23T20:28:29.063+0000] {processor.py:183} INFO - Processing /opt/airflow/dags/market_data_dag.py took 0.079 seconds
[2026-03-23T20:28:59.557+0000] {processor.py:161} INFO - Started process (PID=181) to work on /opt/airflow/dags/market_data_dag.py
[2026-03-23T20:28:59.560+0000] {processor.py:830} INFO - Processing file /opt/airflow/dags/market_data_dag.py for tasks to queue
[2026-03-23T20:28:59.564+0000] {logging_mixin.py:188} INFO - [2026-03-23T20:28:59.563+0000] {dagbag.py:538} INFO - Filling up the DagBag from /opt/airflow/dags/market_data_dag.py
[2026-03-23T20:28:59.630+0000] {logging_mixin.py:188} INFO - [2026-03-23T20:28:59.621+0000] {dagbag.py:348} ERROR - Failed to import: /opt/airflow/dags/market_data_dag.py
Traceback (most recent call last):
  File "/home/airflow/.local/lib/python3.8/site-packages/airflow/models/dagbag.py", line 344, in parse
    loader.exec_module(new_module)
  File "<frozen importlib._bootstrap_external>", line 843, in exec_module
  File "<frozen importlib._bootstrap>", line 219, in _call_with_frames_removed
  File "/opt/airflow/dags/market_data_dag.py", line 8, in <module>
    from scripts.extract_load import fetch_and_store
ModuleNotFoundError: No module named 'scripts.extract_load'
[2026-03-23T20:28:59.633+0000] {processor.py:842} WARNING - No viable dags retrieved from /opt/airflow/dags/market_data_dag.py
[2026-03-23T20:28:59.680+0000] {processor.py:183} INFO - Processing /opt/airflow/dags/market_data_dag.py took 0.132 seconds
[2026-03-23T20:29:30.123+0000] {processor.py:161} INFO - Started process (PID=186) to work on /opt/airflow/dags/market_data_dag.py
[2026-03-23T20:29:30.126+0000] {processor.py:830} INFO - Processing file /opt/airflow/dags/market_data_dag.py for tasks to queue
[2026-03-23T20:29:30.129+0000] {logging_mixin.py:188} INFO - [2026-03-23T20:29:30.128+0000] {dagbag.py:538} INFO - Filling up the DagBag from /opt/airflow/dags/market_data_dag.py
[2026-03-23T20:29:30.169+0000] {logging_mixin.py:188} INFO - [2026-03-23T20:29:30.161+0000] {dagbag.py:348} ERROR - Failed to import: /opt/airflow/dags/market_data_dag.py
Traceback (most recent call last):
  File "/home/airflow/.local/lib/python3.8/site-packages/airflow/models/dagbag.py", line 344, in parse
    loader.exec_module(new_module)
  File "<frozen importlib._bootstrap_external>", line 843, in exec_module
  File "<frozen importlib._bootstrap>", line 219, in _call_with_frames_removed
  File "/opt/airflow/dags/market_data_dag.py", line 8, in <module>
    from scripts.extract_load import fetch_and_store
ModuleNotFoundError: No module named 'scripts.extract_load'
[2026-03-23T20:29:30.172+0000] {processor.py:842} WARNING - No viable dags retrieved from /opt/airflow/dags/market_data_dag.py
[2026-03-23T20:29:30.204+0000] {processor.py:183} INFO - Processing /opt/airflow/dags/market_data_dag.py took 0.087 seconds
[2026-03-23T20:30:00.859+0000] {processor.py:161} INFO - Started process (PID=191) to work on /opt/airflow/dags/market_data_dag.py
[2026-03-23T20:30:00.861+0000] {processor.py:830} INFO - Processing file /opt/airflow/dags/market_data_dag.py for tasks to queue
[2026-03-23T20:30:00.863+0000] {logging_mixin.py:188} INFO - [2026-03-23T20:30:00.863+0000] {dagbag.py:538} INFO - Filling up the DagBag from /opt/airflow/dags/market_data_dag.py
[2026-03-23T20:30:00.913+0000] {logging_mixin.py:188} INFO - [2026-03-23T20:30:00.904+0000] {dagbag.py:348} ERROR - Failed to import: /opt/airflow/dags/market_data_dag.py
Traceback (most recent call last):
  File "/home/airflow/.local/lib/python3.8/site-packages/airflow/models/dagbag.py", line 344, in parse
    loader.exec_module(new_module)
  File "<frozen importlib._bootstrap_external>", line 843, in exec_module
  File "<frozen importlib._bootstrap>", line 219, in _call_with_frames_removed
  File "/opt/airflow/dags/market_data_dag.py", line 8, in <module>
    from scripts.extract_load import fetch_and_store
ModuleNotFoundError: No module named 'scripts.extract_load'
[2026-03-23T20:30:00.915+0000] {processor.py:842} WARNING - No viable dags retrieved from /opt/airflow/dags/market_data_dag.py
[2026-03-23T20:30:00.955+0000] {processor.py:183} INFO - Processing /opt/airflow/dags/market_data_dag.py took 0.104 seconds
[2026-03-23T20:30:31.470+0000] {processor.py:161} INFO - Started process (PID=196) to work on /opt/airflow/dags/market_data_dag.py
[2026-03-23T20:30:31.472+0000] {processor.py:830} INFO - Processing file /opt/airflow/dags/market_data_dag.py for tasks to queue
[2026-03-23T20:30:31.475+0000] {logging_mixin.py:188} INFO - [2026-03-23T20:30:31.474+0000] {dagbag.py:538} INFO - Filling up the DagBag from /opt/airflow/dags/market_data_dag.py
[2026-03-23T20:30:31.534+0000] {logging_mixin.py:188} INFO - [2026-03-23T20:30:31.525+0000] {dagbag.py:348} ERROR - Failed to import: /opt/airflow/dags/market_data_dag.py
Traceback (most recent call last):
  File "/home/airflow/.local/lib/python3.8/site-packages/airflow/models/dagbag.py", line 344, in parse
    loader.exec_module(new_module)
  File "<frozen importlib._bootstrap_external>", line 843, in exec_module
  File "<frozen importlib._bootstrap>", line 219, in _call_with_frames_removed
  File "/opt/airflow/dags/market_data_dag.py", line 8, in <module>
    from scripts.extract_load import fetch_and_store
ModuleNotFoundError: No module named 'scripts.extract_load'
[2026-03-23T20:30:31.537+0000] {processor.py:842} WARNING - No viable dags retrieved from /opt/airflow/dags/market_data_dag.py
[2026-03-23T20:30:31.572+0000] {processor.py:183} INFO - Processing /opt/airflow/dags/market_data_dag.py took 0.110 seconds
[2026-03-23T20:31:02.015+0000] {processor.py:161} INFO - Started process (PID=201) to work on /opt/airflow/dags/market_data_dag.py
[2026-03-23T20:31:02.017+0000] {processor.py:830} INFO - Processing file /opt/airflow/dags/market_data_dag.py for tasks to queue
[2026-03-23T20:31:02.019+0000] {logging_mixin.py:188} INFO - [2026-03-23T20:31:02.019+0000] {dagbag.py:538} INFO - Filling up the DagBag from /opt/airflow/dags/market_data_dag.py
[2026-03-23T20:31:02.068+0000] {logging_mixin.py:188} INFO - [2026-03-23T20:31:02.059+0000] {dagbag.py:348} ERROR - Failed to import: /opt/airflow/dags/market_data_dag.py
Traceback (most recent call last):
  File "/home/airflow/.local/lib/python3.8/site-packages/airflow/models/dagbag.py", line 344, in parse
    loader.exec_module(new_module)
  File "<frozen importlib._bootstrap_external>", line 843, in exec_module
  File "<frozen importlib._bootstrap>", line 219, in _call_with_frames_removed
  File "/opt/airflow/dags/market_data_dag.py", line 8, in <module>
    from scripts.extract_load import fetch_and_store
ModuleNotFoundError: No module named 'scripts.extract_load'
[2026-03-23T20:31:02.072+0000] {processor.py:842} WARNING - No viable dags retrieved from /opt/airflow/dags/market_data_dag.py
[2026-03-23T20:31:02.103+0000] {processor.py:183} INFO - Processing /opt/airflow/dags/market_data_dag.py took 0.093 seconds
[2026-03-23T20:31:32.602+0000] {processor.py:161} INFO - Started process (PID=206) to work on /opt/airflow/dags/market_data_dag.py
[2026-03-23T20:31:32.605+0000] {processor.py:830} INFO - Processing file /opt/airflow/dags/market_data_dag.py for tasks to queue
[2026-03-23T20:31:32.607+0000] {logging_mixin.py:188} INFO - [2026-03-23T20:31:32.607+0000] {dagbag.py:538} INFO - Filling up the DagBag from /opt/airflow/dags/market_data_dag.py
[2026-03-23T20:31:32.673+0000] {logging_mixin.py:188} INFO - [2026-03-23T20:31:32.666+0000] {dagbag.py:348} ERROR - Failed to import: /opt/airflow/dags/market_data_dag.py
Traceback (most recent call last):
  File "/home/airflow/.local/lib/python3.8/site-packages/airflow/models/dagbag.py", line 344, in parse
    loader.exec_module(new_module)
  File "<frozen importlib._bootstrap_external>", line 843, in exec_module
  File "<frozen importlib._bootstrap>", line 219, in _call_with_frames_removed
  File "/opt/airflow/dags/market_data_dag.py", line 8, in <module>
    from scripts.extract_load import fetch_and_store
ModuleNotFoundError: No module named 'scripts.extract_load'
[2026-03-23T20:31:32.676+0000] {processor.py:842} WARNING - No viable dags retrieved from /opt/airflow/dags/market_data_dag.py
[2026-03-23T20:31:32.716+0000] {processor.py:183} INFO - Processing /opt/airflow/dags/market_data_dag.py took 0.122 seconds
[2026-03-23T20:32:03.270+0000] {processor.py:161} INFO - Started process (PID=211) to work on /opt/airflow/dags/market_data_dag.py
[2026-03-23T20:32:03.272+0000] {processor.py:830} INFO - Processing file /opt/airflow/dags/market_data_dag.py for tasks to queue
[2026-03-23T20:32:03.275+0000] {logging_mixin.py:188} INFO - [2026-03-23T20:32:03.274+0000] {dagbag.py:538} INFO - Filling up the DagBag from /opt/airflow/dags/market_data_dag.py
[2026-03-23T20:32:03.321+0000] {logging_mixin.py:188} INFO - [2026-03-23T20:32:03.314+0000] {dagbag.py:348} ERROR - Failed to import: /opt/airflow/dags/market_data_dag.py
Traceback (most recent call last):
  File "/home/airflow/.local/lib/python3.8/site-packages/airflow/models/dagbag.py", line 344, in parse
    loader.exec_module(new_module)
  File "<frozen importlib._bootstrap_external>", line 843, in exec_module
  File "<frozen importlib._bootstrap>", line 219, in _call_with_frames_removed
  File "/opt/airflow/dags/market_data_dag.py", line 8, in <module>
    from scripts.extract_load import fetch_and_store
ModuleNotFoundError: No module named 'scripts.extract_load'
[2026-03-23T20:32:03.324+0000] {processor.py:842} WARNING - No viable dags retrieved from /opt/airflow/dags/market_data_dag.py
[2026-03-23T20:32:03.359+0000] {processor.py:183} INFO - Processing /opt/airflow/dags/market_data_dag.py took 0.095 seconds
[2026-03-23T20:32:33.867+0000] {processor.py:161} INFO - Started process (PID=223) to work on /opt/airflow/dags/market_data_dag.py
[2026-03-23T20:32:33.869+0000] {processor.py:830} INFO - Processing file /opt/airflow/dags/market_data_dag.py for tasks to queue
[2026-03-23T20:32:33.870+0000] {logging_mixin.py:188} INFO - [2026-03-23T20:32:33.870+0000] {dagbag.py:538} INFO - Filling up the DagBag from /opt/airflow/dags/market_data_dag.py
[2026-03-23T20:32:33.901+0000] {logging_mixin.py:188} INFO - [2026-03-23T20:32:33.895+0000] {dagbag.py:348} ERROR - Failed to import: /opt/airflow/dags/market_data_dag.py
Traceback (most recent call last):
  File "/home/airflow/.local/lib/python3.8/site-packages/airflow/models/dagbag.py", line 344, in parse
    loader.exec_module(new_module)
  File "<frozen importlib._bootstrap_external>", line 843, in exec_module
  File "<frozen importlib._bootstrap>", line 219, in _call_with_frames_removed
  File "/opt/airflow/dags/market_data_dag.py", line 8, in <module>
    from scripts.extract_load import fetch_and_store
ModuleNotFoundError: No module named 'scripts.extract_load'
[2026-03-23T20:32:33.902+0000] {processor.py:842} WARNING - No viable dags retrieved from /opt/airflow/dags/market_data_dag.py
[2026-03-23T20:32:33.942+0000] {processor.py:183} INFO - Processing /opt/airflow/dags/market_data_dag.py took 0.079 seconds
[2026-03-23T20:32:59.470+0000] {processor.py:161} INFO - Started process (PID=228) to work on /opt/airflow/dags/market_data_dag.py
[2026-03-23T20:32:59.472+0000] {processor.py:830} INFO - Processing file /opt/airflow/dags/market_data_dag.py for tasks to queue
[2026-03-23T20:32:59.474+0000] {logging_mixin.py:188} INFO - [2026-03-23T20:32:59.474+0000] {dagbag.py:538} INFO - Filling up the DagBag from /opt/airflow/dags/market_data_dag.py
[2026-03-23T20:32:59.570+0000] {processor.py:840} INFO - DAG(s) 'market_data_etl_v1' retrieved from /opt/airflow/dags/market_data_dag.py
[2026-03-23T20:32:59.721+0000] {logging_mixin.py:188} INFO - [2026-03-23T20:32:59.720+0000] {override.py:1769} INFO - Created Permission View: can delete on DAG:market_data_etl_v1
[2026-03-23T20:32:59.733+0000] {logging_mixin.py:188} INFO - [2026-03-23T20:32:59.732+0000] {override.py:1769} INFO - Created Permission View: can edit on DAG:market_data_etl_v1
[2026-03-23T20:32:59.740+0000] {logging_mixin.py:188} INFO - [2026-03-23T20:32:59.739+0000] {override.py:1769} INFO - Created Permission View: can read on DAG:market_data_etl_v1
[2026-03-23T20:32:59.741+0000] {logging_mixin.py:188} INFO - [2026-03-23T20:32:59.741+0000] {dag.py:3036} INFO - Sync 1 DAGs
[2026-03-23T20:32:59.755+0000] {logging_mixin.py:188} INFO - [2026-03-23T20:32:59.755+0000] {dag.py:3058} INFO - Creating ORM DAG for market_data_etl_v1
[2026-03-23T20:32:59.771+0000] {logging_mixin.py:188} INFO - [2026-03-23T20:32:59.771+0000] {dag.py:3823} INFO - Setting next_dagrun for market_data_etl_v1 to 2026-03-23 19:00:00+00:00, run_after=2026-03-23 20:00:00+00:00
[2026-03-23T20:32:59.802+0000] {processor.py:183} INFO - Processing /opt/airflow/dags/market_data_dag.py took 0.335 seconds
[2026-03-23T20:33:30.012+0000] {processor.py:161} INFO - Started process (PID=240) to work on /opt/airflow/dags/market_data_dag.py
[2026-03-23T20:33:30.014+0000] {processor.py:830} INFO - Processing file /opt/airflow/dags/market_data_dag.py for tasks to queue
[2026-03-23T20:33:30.016+0000] {logging_mixin.py:188} INFO - [2026-03-23T20:33:30.015+0000] {dagbag.py:538} INFO - Filling up the DagBag from /opt/airflow/dags/market_data_dag.py
[2026-03-23T20:33:30.075+0000] {processor.py:840} INFO - DAG(s) 'market_data_etl_v1' retrieved from /opt/airflow/dags/market_data_dag.py
[2026-03-23T20:33:30.114+0000] {logging_mixin.py:188} INFO - [2026-03-23T20:33:30.114+0000] {dag.py:3036} INFO - Sync 1 DAGs
[2026-03-23T20:33:30.142+0000] {logging_mixin.py:188} INFO - [2026-03-23T20:33:30.142+0000] {dag.py:3823} INFO - Setting next_dagrun for market_data_etl_v1 to 2026-03-23 19:00:00+00:00, run_after=2026-03-23 20:00:00+00:00
[2026-03-23T20:33:30.170+0000] {processor.py:183} INFO - Processing /opt/airflow/dags/market_data_dag.py took 0.163 seconds
[2026-03-23T20:34:00.710+0000] {processor.py:161} INFO - Started process (PID=245) to work on /opt/airflow/dags/market_data_dag.py
[2026-03-23T20:34:00.712+0000] {processor.py:830} INFO - Processing file /opt/airflow/dags/market_data_dag.py for tasks to queue
[2026-03-23T20:34:00.715+0000] {logging_mixin.py:188} INFO - [2026-03-23T20:34:00.714+0000] {dagbag.py:538} INFO - Filling up the DagBag from /opt/airflow/dags/market_data_dag.py
[2026-03-23T20:34:00.800+0000] {processor.py:840} INFO - DAG(s) 'market_data_etl_v1' retrieved from /opt/airflow/dags/market_data_dag.py
[2026-03-23T20:34:00.845+0000] {logging_mixin.py:188} INFO - [2026-03-23T20:34:00.844+0000] {dag.py:3036} INFO - Sync 1 DAGs
[2026-03-23T20:34:00.895+0000] {logging_mixin.py:188} INFO - [2026-03-23T20:34:00.894+0000] {dag.py:3823} INFO - Setting next_dagrun for market_data_etl_v1 to 2026-03-23 19:00:00+00:00, run_after=2026-03-23 20:00:00+00:00
[2026-03-23T20:34:00.933+0000] {processor.py:183} INFO - Processing /opt/airflow/dags/market_data_dag.py took 0.229 seconds
[2026-03-23T20:34:31.419+0000] {processor.py:161} INFO - Started process (PID=250) to work on /opt/airflow/dags/market_data_dag.py
[2026-03-23T20:34:31.421+0000] {processor.py:830} INFO - Processing file /opt/airflow/dags/market_data_dag.py for tasks to queue
[2026-03-23T20:34:31.424+0000] {logging_mixin.py:188} INFO - [2026-03-23T20:34:31.423+0000] {dagbag.py:538} INFO - Filling up the DagBag from /opt/airflow/dags/market_data_dag.py
[2026-03-23T20:34:31.489+0000] {processor.py:840} INFO - DAG(s) 'market_data_etl_v1' retrieved from /opt/airflow/dags/market_data_dag.py
[2026-03-23T20:34:31.541+0000] {logging_mixin.py:188} INFO - [2026-03-23T20:34:31.541+0000] {dag.py:3036} INFO - Sync 1 DAGs
[2026-03-23T20:34:31.562+0000] {logging_mixin.py:188} INFO - [2026-03-23T20:34:31.561+0000] {dag.py:3823} INFO - Setting next_dagrun for market_data_etl_v1 to 2026-03-23 19:00:00+00:00, run_after=2026-03-23 20:00:00+00:00
[2026-03-23T20:34:31.583+0000] {processor.py:183} INFO - Processing /opt/airflow/dags/market_data_dag.py took 0.171 seconds
[2026-03-23T20:35:02.143+0000] {processor.py:161} INFO - Started process (PID=255) to work on /opt/airflow/dags/market_data_dag.py
[2026-03-23T20:35:02.145+0000] {processor.py:830} INFO - Processing file /opt/airflow/dags/market_data_dag.py for tasks to queue
[2026-03-23T20:35:02.147+0000] {logging_mixin.py:188} INFO - [2026-03-23T20:35:02.146+0000] {dagbag.py:538} INFO - Filling up the DagBag from /opt/airflow/dags/market_data_dag.py
[2026-03-23T20:35:02.227+0000] {processor.py:840} INFO - DAG(s) 'market_data_etl_v1' retrieved from /opt/airflow/dags/market_data_dag.py
[2026-03-23T20:35:02.260+0000] {logging_mixin.py:188} INFO - [2026-03-23T20:35:02.259+0000] {dag.py:3036} INFO - Sync 1 DAGs
[2026-03-23T20:35:02.284+0000] {logging_mixin.py:188} INFO - [2026-03-23T20:35:02.284+0000] {dag.py:3823} INFO - Setting next_dagrun for market_data_etl_v1 to 2026-03-23 19:00:00+00:00, run_after=2026-03-23 20:00:00+00:00
[2026-03-23T20:35:02.313+0000] {processor.py:183} INFO - Processing /opt/airflow/dags/market_data_dag.py took 0.175 seconds
[2026-03-23T20:35:32.691+0000] {processor.py:161} INFO - Started process (PID=260) to work on /opt/airflow/dags/market_data_dag.py
[2026-03-23T20:35:32.694+0000] {processor.py:830} INFO - Processing file /opt/airflow/dags/market_data_dag.py for tasks to queue
[2026-03-23T20:35:32.697+0000] {logging_mixin.py:188} INFO - [2026-03-23T20:35:32.696+0000] {dagbag.py:538} INFO - Filling up the DagBag from /opt/airflow/dags/market_data_dag.py
[2026-03-23T20:35:32.762+0000] {processor.py:840} INFO - DAG(s) 'market_data_etl_v1' retrieved from /opt/airflow/dags/market_data_dag.py
[2026-03-23T20:35:32.808+0000] {logging_mixin.py:188} INFO - [2026-03-23T20:35:32.808+0000] {dag.py:3036} INFO - Sync 1 DAGs
[2026-03-23T20:35:32.846+0000] {logging_mixin.py:188} INFO - [2026-03-23T20:35:32.845+0000] {dag.py:3823} INFO - Setting next_dagrun for market_data_etl_v1 to 2026-03-23 19:00:00+00:00, run_after=2026-03-23 20:00:00+00:00
[2026-03-23T20:35:32.892+0000] {processor.py:183} INFO - Processing /opt/airflow/dags/market_data_dag.py took 0.208 seconds
[2026-03-23T20:36:03.466+0000] {processor.py:161} INFO - Started process (PID=265) to work on /opt/airflow/dags/market_data_dag.py
[2026-03-23T20:36:03.468+0000] {processor.py:830} INFO - Processing file /opt/airflow/dags/market_data_dag.py for tasks to queue
[2026-03-23T20:36:03.470+0000] {logging_mixin.py:188} INFO - [2026-03-23T20:36:03.470+0000] {dagbag.py:538} INFO - Filling up the DagBag from /opt/airflow/dags/market_data_dag.py
[2026-03-23T20:36:03.540+0000] {processor.py:840} INFO - DAG(s) 'market_data_etl_v1' retrieved from /opt/airflow/dags/market_data_dag.py
[2026-03-23T20:36:03.569+0000] {logging_mixin.py:188} INFO - [2026-03-23T20:36:03.569+0000] {dag.py:3036} INFO - Sync 1 DAGs
[2026-03-23T20:36:03.590+0000] {logging_mixin.py:188} INFO - [2026-03-23T20:36:03.590+0000] {dag.py:3823} INFO - Setting next_dagrun for market_data_etl_v1 to 2026-03-23 19:00:00+00:00, run_after=2026-03-23 20:00:00+00:00
[2026-03-23T20:36:03.609+0000] {processor.py:183} INFO - Processing /opt/airflow/dags/market_data_dag.py took 0.149 seconds
[2026-03-23T20:36:34.192+0000] {processor.py:161} INFO - Started process (PID=270) to work on /opt/airflow/dags/market_data_dag.py
[2026-03-23T20:36:34.194+0000] {processor.py:830} INFO - Processing file /opt/airflow/dags/market_data_dag.py for tasks to queue
[2026-03-23T20:36:34.195+0000] {logging_mixin.py:188} INFO - [2026-03-23T20:36:34.195+0000] {dagbag.py:538} INFO - Filling up the DagBag from /opt/airflow/dags/market_data_dag.py
[2026-03-23T20:36:34.252+0000] {processor.py:840} INFO - DAG(s) 'market_data_etl_v1' retrieved from /opt/airflow/dags/market_data_dag.py
[2026-03-23T20:36:34.277+0000] {logging_mixin.py:188} INFO - [2026-03-23T20:36:34.277+0000] {dag.py:3036} INFO - Sync 1 DAGs
[2026-03-23T20:36:34.296+0000] {logging_mixin.py:188} INFO - [2026-03-23T20:36:34.296+0000] {dag.py:3823} INFO - Setting next_dagrun for market_data_etl_v1 to 2026-03-23 19:00:00+00:00, run_after=2026-03-23 20:00:00+00:00
[2026-03-23T20:36:34.318+0000] {processor.py:183} INFO - Processing /opt/airflow/dags/market_data_dag.py took 0.131 seconds
[2026-03-23T20:37:04.763+0000] {processor.py:161} INFO - Started process (PID=275) to work on /opt/airflow/dags/market_data_dag.py
[2026-03-23T20:37:04.765+0000] {processor.py:830} INFO - Processing file /opt/airflow/dags/market_data_dag.py for tasks to queue
[2026-03-23T20:37:04.768+0000] {logging_mixin.py:188} INFO - [2026-03-23T20:37:04.767+0000] {dagbag.py:538} INFO - Filling up the DagBag from /opt/airflow/dags/market_data_dag.py
[2026-03-23T20:37:04.847+0000] {processor.py:840} INFO - DAG(s) 'market_data_etl_v1' retrieved from /opt/airflow/dags/market_data_dag.py
[2026-03-23T20:37:04.877+0000] {logging_mixin.py:188} INFO - [2026-03-23T20:37:04.877+0000] {dag.py:3036} INFO - Sync 1 DAGs
[2026-03-23T20:37:04.897+0000] {logging_mixin.py:188} INFO - [2026-03-23T20:37:04.897+0000] {dag.py:3823} INFO - Setting next_dagrun for market_data_etl_v1 to 2026-03-23 19:00:00+00:00, run_after=2026-03-23 20:00:00+00:00
[2026-03-23T20:37:04.920+0000] {processor.py:183} INFO - Processing /opt/airflow/dags/market_data_dag.py took 0.163 seconds
[2026-03-23T20:37:35.561+0000] {processor.py:161} INFO - Started process (PID=280) to work on /opt/airflow/dags/market_data_dag.py
[2026-03-23T20:37:35.562+0000] {processor.py:830} INFO - Processing file /opt/airflow/dags/market_data_dag.py for tasks to queue
[2026-03-23T20:37:35.564+0000] {logging_mixin.py:188} INFO - [2026-03-23T20:37:35.564+0000] {dagbag.py:538} INFO - Filling up the DagBag from /opt/airflow/dags/market_data_dag.py
[2026-03-23T20:37:35.638+0000] {processor.py:840} INFO - DAG(s) 'market_data_etl_v1' retrieved from /opt/airflow/dags/market_data_dag.py
[2026-03-23T20:37:35.664+0000] {logging_mixin.py:188} INFO - [2026-03-23T20:37:35.664+0000] {dag.py:3036} INFO - Sync 1 DAGs
[2026-03-23T20:37:35.684+0000] {logging_mixin.py:188} INFO - [2026-03-23T20:37:35.684+0000] {dag.py:3823} INFO - Setting next_dagrun for market_data_etl_v1 to 2026-03-23 19:00:00+00:00, run_after=2026-03-23 20:00:00+00:00
[2026-03-23T20:37:35.705+0000] {processor.py:183} INFO - Processing /opt/airflow/dags/market_data_dag.py took 0.147 seconds
[2026-03-23T20:38:07.284+0000] {processor.py:161} INFO - Started process (PID=285) to work on /opt/airflow/dags/market_data_dag.py
[2026-03-23T20:38:07.286+0000] {processor.py:830} INFO - Processing file /opt/airflow/dags/market_data_dag.py for tasks to queue
[2026-03-23T20:38:07.289+0000] {logging_mixin.py:188} INFO - [2026-03-23T20:38:07.288+0000] {dagbag.py:538} INFO - Filling up the DagBag from /opt/airflow/dags/market_data_dag.py
[2026-03-23T20:38:07.368+0000] {processor.py:840} INFO - DAG(s) 'market_data_etl_v1' retrieved from /opt/airflow/dags/market_data_dag.py
[2026-03-23T20:38:07.413+0000] {logging_mixin.py:188} INFO - [2026-03-23T20:38:07.412+0000] {dag.py:3036} INFO - Sync 1 DAGs
[2026-03-23T20:38:07.453+0000] {logging_mixin.py:188} INFO - [2026-03-23T20:38:07.453+0000] {dag.py:3823} INFO - Setting next_dagrun for market_data_etl_v1 to 2026-03-23 19:00:00+00:00, run_after=2026-03-23 20:00:00+00:00
[2026-03-23T20:38:07.489+0000] {processor.py:183} INFO - Processing /opt/airflow/dags/market_data_dag.py took 0.211 seconds
