[2026-03-24T15:00:02.398+0000] {logging_mixin.py:188} INFO - Changing /opt/***/logs/dag_id=market_data_etl_v1/run_id=scheduled__2026-03-24T14:00:00+00:00/task_id=run_etl_script permission to 509
[2026-03-24T15:00:02.400+0000] {logging_mixin.py:188} INFO - Failed to change /opt/***/logs/dag_id=market_data_etl_v1/run_id=scheduled__2026-03-24T14:00:00+00:00/task_id=run_etl_script permission to 509: [Errno 1] Operation not permitted: '/opt/***/logs/dag_id=market_data_etl_v1/run_id=scheduled__2026-03-24T14:00:00+00:00/task_id=run_etl_script'
[2026-03-24T15:00:02.447+0000] {logging_mixin.py:188} INFO - Changing /opt/***/logs/dag_id=market_data_etl_v1/run_id=scheduled__2026-03-24T14:00:00+00:00/task_id=run_etl_script permission to 509
[2026-03-24T15:00:02.449+0000] {logging_mixin.py:188} INFO - Failed to change /opt/***/logs/dag_id=market_data_etl_v1/run_id=scheduled__2026-03-24T14:00:00+00:00/task_id=run_etl_script permission to 509: [Errno 1] Operation not permitted: '/opt/***/logs/dag_id=market_data_etl_v1/run_id=scheduled__2026-03-24T14:00:00+00:00/task_id=run_etl_script'
[2026-03-24T15:00:02.504+0000] {taskinstance.py:1956} INFO - Dependencies all met for dep_context=non-requeueable deps ti=<TaskInstance: market_data_etl_v1.run_etl_script scheduled__2026-03-24T14:00:00+00:00 [queued]>
[2026-03-24T15:00:02.519+0000] {taskinstance.py:1956} INFO - Dependencies all met for dep_context=requeueable deps ti=<TaskInstance: market_data_etl_v1.run_etl_script scheduled__2026-03-24T14:00:00+00:00 [queued]>
[2026-03-24T15:00:02.526+0000] {taskinstance.py:2170} INFO - Starting attempt 1 of 3
[2026-03-24T15:00:02.543+0000] {taskinstance.py:2191} INFO - Executing <Task(PythonOperator): run_etl_script> on 2026-03-24 14:00:00+00:00
[2026-03-24T15:00:02.548+0000] {standard_task_runner.py:60} INFO - Started process 306 to run task
[2026-03-24T15:00:02.552+0000] {standard_task_runner.py:87} INFO - Running: ['***', 'tasks', 'run', 'market_data_etl_v1', 'run_etl_script', 'scheduled__2026-03-24T14:00:00+00:00', '--job-id', '10', '--raw', '--subdir', 'DAGS_FOLDER/market_data_dag.py', '--cfg-path', '/tmp/tmpmj_vrlus']
[2026-03-24T15:00:02.554+0000] {standard_task_runner.py:88} INFO - Job 10: Subtask run_etl_script
[2026-03-24T15:00:02.621+0000] {logging_mixin.py:188} INFO - Changing /opt/***/logs/dag_id=market_data_etl_v1/run_id=scheduled__2026-03-24T14:00:00+00:00/task_id=run_etl_script permission to 509
[2026-03-24T15:00:02.622+0000] {logging_mixin.py:188} INFO - Failed to change /opt/***/logs/dag_id=market_data_etl_v1/run_id=scheduled__2026-03-24T14:00:00+00:00/task_id=run_etl_script permission to 509: [Errno 1] Operation not permitted: '/opt/***/logs/dag_id=market_data_etl_v1/run_id=scheduled__2026-03-24T14:00:00+00:00/task_id=run_etl_script'
[2026-03-24T15:00:02.655+0000] {task_command.py:423} INFO - Running <TaskInstance: market_data_etl_v1.run_etl_script scheduled__2026-03-24T14:00:00+00:00 [running]> on host 60eeea871c61
[2026-03-24T15:00:02.743+0000] {taskinstance.py:2480} INFO - Exporting env vars: AIRFLOW_CTX_DAG_OWNER='senior_data_eng' AIRFLOW_CTX_DAG_ID='market_data_etl_v1' AIRFLOW_CTX_TASK_ID='run_etl_script' AIRFLOW_CTX_EXECUTION_DATE='2026-03-24T14:00:00+00:00' AIRFLOW_CTX_TRY_NUMBER='1' AIRFLOW_CTX_DAG_RUN_ID='scheduled__2026-03-24T14:00:00+00:00'
[2026-03-24T15:00:02.752+0000] {logging_mixin.py:188} INFO - Fetching data from CoinGecko...
[2026-03-24T15:00:03.138+0000] {logging_mixin.py:188} INFO - Successfully stored 3 coins.
[2026-03-24T15:00:03.141+0000] {python.py:201} INFO - Done. Returned value was: None
[2026-03-24T15:00:03.154+0000] {taskinstance.py:1138} INFO - Marking task as SUCCESS. dag_id=market_data_etl_v1, task_id=run_etl_script, execution_date=20260324T140000, start_date=20260324T150002, end_date=20260324T150003
[2026-03-24T15:00:03.209+0000] {local_task_job_runner.py:234} INFO - Task exited with return code 0
[2026-03-24T15:00:03.233+0000] {taskinstance.py:3280} INFO - 1 downstream tasks scheduled from follow-on schedule check
