[2026-03-24T14:59:21.367+0000] {logging_mixin.py:188} INFO - Changing /opt/***/logs/dag_id=market_data_etl_v1/run_id=manual__2026-03-24T14:59:20.415269+00:00/task_id=check_api_availability permission to 509
[2026-03-24T14:59:21.368+0000] {logging_mixin.py:188} INFO - Failed to change /opt/***/logs/dag_id=market_data_etl_v1/run_id=manual__2026-03-24T14:59:20.415269+00:00/task_id=check_api_availability permission to 509: [Errno 1] Operation not permitted: '/opt/***/logs/dag_id=market_data_etl_v1/run_id=manual__2026-03-24T14:59:20.415269+00:00/task_id=check_api_availability'
[2026-03-24T14:59:21.433+0000] {logging_mixin.py:188} INFO - Changing /opt/***/logs/dag_id=market_data_etl_v1/run_id=manual__2026-03-24T14:59:20.415269+00:00/task_id=check_api_availability permission to 509
[2026-03-24T14:59:21.435+0000] {logging_mixin.py:188} INFO - Failed to change /opt/***/logs/dag_id=market_data_etl_v1/run_id=manual__2026-03-24T14:59:20.415269+00:00/task_id=check_api_availability permission to 509: [Errno 1] Operation not permitted: '/opt/***/logs/dag_id=market_data_etl_v1/run_id=manual__2026-03-24T14:59:20.415269+00:00/task_id=check_api_availability'
[2026-03-24T14:59:21.481+0000] {taskinstance.py:1956} INFO - Dependencies all met for dep_context=non-requeueable deps ti=<TaskInstance: market_data_etl_v1.check_api_availability manual__2026-03-24T14:59:20.415269+00:00 [queued]>
[2026-03-24T14:59:21.493+0000] {taskinstance.py:1956} INFO - Dependencies all met for dep_context=requeueable deps ti=<TaskInstance: market_data_etl_v1.check_api_availability manual__2026-03-24T14:59:20.415269+00:00 [queued]>
[2026-03-24T14:59:21.494+0000] {taskinstance.py:2170} INFO - Starting attempt 1 of 3
[2026-03-24T14:59:21.513+0000] {taskinstance.py:2191} INFO - Executing <Task(HttpSensor): check_api_availability> on 2026-03-24 14:59:20.415269+00:00
[2026-03-24T14:59:21.521+0000] {standard_task_runner.py:60} INFO - Started process 289 to run task
[2026-03-24T14:59:21.525+0000] {standard_task_runner.py:87} INFO - Running: ['***', 'tasks', 'run', 'market_data_etl_v1', 'check_api_availability', 'manual__2026-03-24T14:59:20.415269+00:00', '--job-id', '3', '--raw', '--subdir', 'DAGS_FOLDER/market_data_dag.py', '--cfg-path', '/tmp/tmp25daguae']
[2026-03-24T14:59:21.529+0000] {standard_task_runner.py:88} INFO - Job 3: Subtask check_api_availability
[2026-03-24T14:59:21.607+0000] {logging_mixin.py:188} INFO - Changing /opt/***/logs/dag_id=market_data_etl_v1/run_id=manual__2026-03-24T14:59:20.415269+00:00/task_id=check_api_availability permission to 509
[2026-03-24T14:59:21.608+0000] {logging_mixin.py:188} INFO - Failed to change /opt/***/logs/dag_id=market_data_etl_v1/run_id=manual__2026-03-24T14:59:20.415269+00:00/task_id=check_api_availability permission to 509: [Errno 1] Operation not permitted: '/opt/***/logs/dag_id=market_data_etl_v1/run_id=manual__2026-03-24T14:59:20.415269+00:00/task_id=check_api_availability'
[2026-03-24T14:59:21.654+0000] {task_command.py:423} INFO - Running <TaskInstance: market_data_etl_v1.check_api_availability manual__2026-03-24T14:59:20.415269+00:00 [running]> on host 60eeea871c61
[2026-03-24T14:59:21.771+0000] {taskinstance.py:2480} INFO - Exporting env vars: AIRFLOW_CTX_DAG_OWNER='senior_data_eng' AIRFLOW_CTX_DAG_ID='market_data_etl_v1' AIRFLOW_CTX_TASK_ID='check_api_availability' AIRFLOW_CTX_EXECUTION_DATE='2026-03-24T14:59:20.415269+00:00' AIRFLOW_CTX_TRY_NUMBER='1' AIRFLOW_CTX_DAG_RUN_ID='manual__2026-03-24T14:59:20.415269+00:00'
[2026-03-24T14:59:21.774+0000] {http.py:130} INFO - Poking: api/v3/ping
[2026-03-24T14:59:21.790+0000] {base.py:83} INFO - Using connection ID 'http_default' for task execution.
[2026-03-24T14:59:22.230+0000] {base.py:295} INFO - Success criteria met. Exiting.
[2026-03-24T14:59:22.258+0000] {taskinstance.py:1138} INFO - Marking task as SUCCESS. dag_id=market_data_etl_v1, task_id=check_api_availability, execution_date=20260324T145920, start_date=20260324T145921, end_date=20260324T145922
[2026-03-24T14:59:22.302+0000] {local_task_job_runner.py:234} INFO - Task exited with return code 0
[2026-03-24T14:59:22.347+0000] {taskinstance.py:3280} INFO - 1 downstream tasks scheduled from follow-on schedule check
